<?xml version="1.0" encoding="UTF-8"?>
<testsuite name="[Test_Countries_Services]" tests="12" skipped="0" failures="0" errors="0" timestamp="2019-08-27T16:22:52" hostname="HP" time="2.614">
  <properties/>
  <testcase name="[1.1:4] Test for Country Name 'India'" classname="[Test_Countries_Services]" time="0.602"/>
  <testcase name="[1.2:4] Test for Country Name 'USA'" classname="[Test_Countries_Services]" time="0.216"/>
  <testcase name="[1.3:4] Test for Country Name 'China'" classname="[Test_Countries_Services]" time="0.202"/>
  <testcase name="[1.4:4] Test for Country Name 'Canada'" classname="[Test_Countries_Services]" time="0.203"/>
  <testcase name="[1.5:4] Test for Country Name 'UAE'" classname="[Test_Countries_Services]" time="0.224"/>
  <testcase name="[1.6:4] Test for Country Name 'Test'" classname="[Test_Countries_Services]" time="0.184"/>
  <testcase name="[2.1:19] Test for Country Code 'IND'" classname="[Test_Countries_Services]" time="0.156"/>
  <testcase name="[2.2:19] Test for Country Code 'USA'" classname="[Test_Countries_Services]" time="0.152"/>
  <testcase name="[2.3:19] Test for Country Code 'CHN'" classname="[Test_Countries_Services]" time="0.162"/>
  <testcase name="[2.4:19] Test for Country Code 'CAN'" classname="[Test_Countries_Services]" time="0.167"/>
  <testcase name="[2.5:19] Test for Country Code 'AE'" classname="[Test_Countries_Services]" time="0.15"/>
  <testcase name="[2.6:19] Test for Country Code 'TST'" classname="[Test_Countries_Services]" time="0.152"/>
  <system-out><![CDATA[12:22:52.969 [Test worker] DEBUG org.apache.http.client.protocol.RequestAddCookies - CookieSpec selected: karate
12:22:52.995 [Test worker] DEBUG org.apache.http.client.protocol.RequestAuthCache - Auth cache not set in the context
12:22:52.998 [Test worker] DEBUG com.intuit.karate - request:
1 > GET https://restcountries.eu/rest/v2/name/India
1 > Accept-Encoding: gzip,deflate
1 > Connection: Keep-Alive
1 > Host: restcountries.eu
1 > User-Agent: Apache-HttpClient/4.5.5 (Java/11.0.1)

12:22:53.001 [Test worker] DEBUG org.apache.http.impl.conn.PoolingHttpClientConnectionManager - Connection request: [route: {s}->https://restcountries.eu:443][total kept alive: 0; route allocated: 0 of 5; total allocated: 0 of 10]
12:22:53.017 [Test worker] DEBUG org.apache.http.impl.conn.PoolingHttpClientConnectionManager - Connection leased: [id: 0][route: {s}->https://restcountries.eu:443][total kept alive: 0; route allocated: 1 of 5; total allocated: 1 of 10]
12:22:53.018 [Test worker] DEBUG org.apache.http.impl.execchain.MainClientExec - Opening connection {s}->https://restcountries.eu:443
12:22:53.063 [Test worker] DEBUG org.apache.http.impl.conn.DefaultHttpClientConnectionOperator - Connecting to restcountries.eu/104.27.142.88:443
12:22:53.063 [Test worker] DEBUG org.apache.http.conn.ssl.LenientSslConnectionSocketFactory - Connecting socket to restcountries.eu/104.27.142.88:443 with timeout 30000
12:22:53.113 [Test worker] DEBUG org.apache.http.conn.ssl.LenientSslConnectionSocketFactory - Enabled protocols: [TLSv1.3, TLSv1.2, TLSv1.1, TLSv1]
12:22:53.113 [Test worker] DEBUG org.apache.http.conn.ssl.LenientSslConnectionSocketFactory - Enabled cipher suites:[TLS_AES_128_GCM_SHA256, TLS_AES_256_GCM_SHA384, TLS_ECDHE_ECDSA_WITH_AES_256_GCM_SHA384, TLS_ECDHE_ECDSA_WITH_AES_128_GCM_SHA256, TLS_ECDHE_RSA_WITH_AES_256_GCM_SHA384, TLS_RSA_WITH_AES_256_GCM_SHA384, TLS_ECDH_ECDSA_WITH_AES_256_GCM_SHA384, TLS_ECDH_RSA_WITH_AES_256_GCM_SHA384, TLS_DHE_RSA_WITH_AES_256_GCM_SHA384, TLS_DHE_DSS_WITH_AES_256_GCM_SHA384, TLS_ECDHE_RSA_WITH_AES_128_GCM_SHA256, TLS_RSA_WITH_AES_128_GCM_SHA256, TLS_ECDH_ECDSA_WITH_AES_128_GCM_SHA256, TLS_ECDH_RSA_WITH_AES_128_GCM_SHA256, TLS_DHE_RSA_WITH_AES_128_GCM_SHA256, TLS_DHE_DSS_WITH_AES_128_GCM_SHA256, TLS_ECDHE_ECDSA_WITH_AES_256_CBC_SHA384, TLS_ECDHE_RSA_WITH_AES_256_CBC_SHA384, TLS_RSA_WITH_AES_256_CBC_SHA256, TLS_ECDH_ECDSA_WITH_AES_256_CBC_SHA384, TLS_ECDH_RSA_WITH_AES_256_CBC_SHA384, TLS_DHE_RSA_WITH_AES_256_CBC_SHA256, TLS_DHE_DSS_WITH_AES_256_CBC_SHA256, TLS_ECDHE_ECDSA_WITH_AES_256_CBC_SHA, TLS_ECDHE_RSA_WITH_AES_256_CBC_SHA, TLS_RSA_WITH_AES_256_CBC_SHA, TLS_ECDH_ECDSA_WITH_AES_256_CBC_SHA, TLS_ECDH_RSA_WITH_AES_256_CBC_SHA, TLS_DHE_RSA_WITH_AES_256_CBC_SHA, TLS_DHE_DSS_WITH_AES_256_CBC_SHA, TLS_ECDHE_ECDSA_WITH_AES_128_CBC_SHA256, TLS_ECDHE_RSA_WITH_AES_128_CBC_SHA256, TLS_RSA_WITH_AES_128_CBC_SHA256, TLS_ECDH_ECDSA_WITH_AES_128_CBC_SHA256, TLS_ECDH_RSA_WITH_AES_128_CBC_SHA256, TLS_DHE_RSA_WITH_AES_128_CBC_SHA256, TLS_DHE_DSS_WITH_AES_128_CBC_SHA256, TLS_ECDHE_ECDSA_WITH_AES_128_CBC_SHA, TLS_ECDHE_RSA_WITH_AES_128_CBC_SHA, TLS_RSA_WITH_AES_128_CBC_SHA, TLS_ECDH_ECDSA_WITH_AES_128_CBC_SHA, TLS_ECDH_RSA_WITH_AES_128_CBC_SHA, TLS_DHE_RSA_WITH_AES_128_CBC_SHA, TLS_DHE_DSS_WITH_AES_128_CBC_SHA, TLS_EMPTY_RENEGOTIATION_INFO_SCSV]
12:22:53.113 [Test worker] DEBUG org.apache.http.conn.ssl.LenientSslConnectionSocketFactory - Starting handshake
12:22:53.207 [Test worker] DEBUG org.apache.http.conn.ssl.LenientSslConnectionSocketFactory - Secure session established
12:22:53.207 [Test worker] DEBUG org.apache.http.conn.ssl.LenientSslConnectionSocketFactory -  negotiated protocol: TLSv1.3
12:22:53.207 [Test worker] DEBUG org.apache.http.conn.ssl.LenientSslConnectionSocketFactory -  negotiated cipher suite: TLS_AES_128_GCM_SHA256
12:22:53.209 [Test worker] DEBUG org.apache.http.conn.ssl.LenientSslConnectionSocketFactory -  peer principal: CN=sni144227.cloudflaressl.com, OU=PositiveSSL Multi-Domain, OU=Domain Control Validated
12:22:53.209 [Test worker] DEBUG org.apache.http.conn.ssl.LenientSslConnectionSocketFactory -  peer alternative names: [sni144227.cloudflaressl.com, *.abcdent.pub, *.abcdent.support, *.arcticjob.com, *.bankofpartners.cn, *.bankofpartners.com, *.bestofpartners.cn, *.bestofpartners.com, *.bidraggronland.dk, *.cardscorekeeper.com, *.cio-agenda.com, *.cio-agenda.org, *.cio-index.org, *.cioindex.org, *.donategreenland.eu, *.eugenol.com, *.fh-naestved.dk, *.fh4700.dk, *.fhit.dk, *.fhkollegium.dk, *.fhnaestved.dk, *.flaxhouse.dk, *.inn.group, *.living-shiatsu.com, *.pakhuset.org, *.restcountries.eu, *.tradeforhope.dk, *.vgps.pl, *.whitestagweddings.com, *.xn--bidraggrnland-inb.dk, *.xn--chirurgieguide-nkb.fr, *.xn--hrhuset-q1a.dk, *.xn--lu-xia.dk, abcdent.pub, abcdent.support, arcticjob.com, bankofpartners.cn, bankofpartners.com, bestofpartners.cn, bestofpartners.com, bidraggronland.dk, cardscorekeeper.com, cio-agenda.com, cio-agenda.org, cio-index.org, cioindex.org, donategreenland.eu, eugenol.com, fh-naestved.dk, fh4700.dk, fhit.dk, fhkollegium.dk, fhnaestved.dk, flaxhouse.dk, inn.group, living-shiatsu.com, pakhuset.org, restcountries.eu, tradeforhope.dk, vgps.pl, whitestagweddings.com, xn--bidraggrnland-inb.dk, xn--chirurgieguide-nkb.fr, xn--hrhuset-q1a.dk, xn--lu-xia.dk]
12:22:53.209 [Test worker] DEBUG org.apache.http.conn.ssl.LenientSslConnectionSocketFactory -  issuer principal: CN=COMODO ECC Domain Validation Secure Server CA 2, O=COMODO CA Limited, L=Salford, ST=Greater Manchester, C=GB
12:22:53.210 [Test worker] DEBUG org.apache.http.impl.conn.DefaultHttpClientConnectionOperator - Connection established 192.168.86.21:62013<->104.27.142.88:443
12:22:53.211 [Test worker] DEBUG org.apache.http.impl.conn.DefaultManagedHttpClientConnection - http-outgoing-0: set socket timeout to 30000
12:22:53.211 [Test worker] DEBUG org.apache.http.impl.execchain.MainClientExec - Executing request GET /rest/v2/name/India HTTP/1.1
12:22:53.211 [Test worker] DEBUG org.apache.http.impl.execchain.MainClientExec - Target auth state: UNCHALLENGED
12:22:53.212 [Test worker] DEBUG org.apache.http.impl.execchain.MainClientExec - Proxy auth state: UNCHALLENGED
12:22:53.215 [Test worker] DEBUG org.apache.http.headers - http-outgoing-0 >> GET /rest/v2/name/India HTTP/1.1
12:22:53.215 [Test worker] DEBUG org.apache.http.headers - http-outgoing-0 >> Host: restcountries.eu
12:22:53.215 [Test worker] DEBUG org.apache.http.headers - http-outgoing-0 >> Connection: Keep-Alive
12:22:53.215 [Test worker] DEBUG org.apache.http.headers - http-outgoing-0 >> User-Agent: Apache-HttpClient/4.5.5 (Java/11.0.1)
12:22:53.215 [Test worker] DEBUG org.apache.http.headers - http-outgoing-0 >> Accept-Encoding: gzip,deflate
12:22:53.215 [Test worker] DEBUG org.apache.http.wire - http-outgoing-0 >> "GET /rest/v2/name/India HTTP/1.1[\r][\n]"
12:22:53.216 [Test worker] DEBUG org.apache.http.wire - http-outgoing-0 >> "Host: restcountries.eu[\r][\n]"
12:22:53.216 [Test worker] DEBUG org.apache.http.wire - http-outgoing-0 >> "Connection: Keep-Alive[\r][\n]"
12:22:53.216 [Test worker] DEBUG org.apache.http.wire - http-outgoing-0 >> "User-Agent: Apache-HttpClient/4.5.5 (Java/11.0.1)[\r][\n]"
12:22:53.216 [Test worker] DEBUG org.apache.http.wire - http-outgoing-0 >> "Accept-Encoding: gzip,deflate[\r][\n]"
12:22:53.216 [Test worker] DEBUG org.apache.http.wire - http-outgoing-0 >> "[\r][\n]"
12:22:53.292 [Test worker] DEBUG org.apache.http.wire - http-outgoing-0 << "HTTP/1.1 200 [\r][\n]"
12:22:53.292 [Test worker] DEBUG org.apache.http.wire - http-outgoing-0 << "Date: Tue, 27 Aug 2019 16:22:53 GMT[\r][\n]"
12:22:53.292 [Test worker] DEBUG org.apache.http.wire - http-outgoing-0 << "Content-Type: application/json;charset=utf-8[\r][\n]"
12:22:53.292 [Test worker] DEBUG org.apache.http.wire - http-outgoing-0 << "Transfer-Encoding: chunked[\r][\n]"
12:22:53.292 [Test worker] DEBUG org.apache.http.wire - http-outgoing-0 << "Connection: keep-alive[\r][\n]"
12:22:53.292 [Test worker] DEBUG org.apache.http.wire - http-outgoing-0 << "Set-Cookie: __cfduid=d27338e233f41d2d38d7e8707cbb9083f1566922973; expires=Wed, 26-Aug-20 16:22:53 GMT; path=/; domain=.restcountries.eu; HttpOnly[\r][\n]"
12:22:53.292 [Test worker] DEBUG org.apache.http.wire - http-outgoing-0 << "Access-Control-Allow-Origin: *[\r][\n]"
12:22:53.292 [Test worker] DEBUG org.apache.http.wire - http-outgoing-0 << "Access-Control-Allow-Methods: GET[\r][\n]"
12:22:53.292 [Test worker] DEBUG org.apache.http.wire - http-outgoing-0 << "Access-Control-Allow-Headers: Accept, X-Requested-With[\r][\n]"
12:22:53.292 [Test worker] DEBUG org.apache.http.wire - http-outgoing-0 << "Cache-Control: public, max-age=86400[\r][\n]"
12:22:53.292 [Test worker] DEBUG org.apache.http.wire - http-outgoing-0 << "Expect-CT: max-age=604800, report-uri="https://report-uri.cloudflare.com/cdn-cgi/beacon/expect-ct"[\r][\n]"
12:22:53.293 [Test worker] DEBUG org.apache.http.wire - http-outgoing-0 << "Server: cloudflare[\r][\n]"
12:22:53.293 [Test worker] DEBUG org.apache.http.wire - http-outgoing-0 << "CF-RAY: 50cf630a2fa6c524-ORD[\r][\n]"
12:22:53.293 [Test worker] DEBUG org.apache.http.wire - http-outgoing-0 << "Content-Encoding: gzip[\r][\n]"
12:22:53.293 [Test worker] DEBUG org.apache.http.wire - http-outgoing-0 << "[\r][\n]"
12:22:53.293 [Test worker] DEBUG org.apache.http.wire - http-outgoing-0 << "467[\r][\n]"
12:22:53.293 [Test worker] DEBUG org.apache.http.wire - http-outgoing-0 << "[0x1f][0x8b][0x8][0x0][0x0][0x0][0x0][0x0][0x0][0x3][0xb4][0x94]Ko[0xdb]F[0x10][0xc7][0xbf][0xca]bP[0xa0][0x87][0xb2]2-[0xc5]r[0xcc][0x9b]l[0xa7][0x8e][0x11]G[0xe][0xfc]8[0x19]B[0xb1]"[0xd7][0xe2][0xca][0xd4][0xae][0xba]\:p[0xc][0x3][0x8d][0x9c]:[0x8f][0xc6][0xf7][0x1e][\n]"
12:22:53.293 [Test worker] DEBUG org.apache.http.wire - http-outgoing-0 << "[0xa4]m[0x94]*5[0xe0]:[0x86]{[0xf1][0xa5]=[0xa8][0x1f][0x82]D.B[0x8d][0x14][0xe8][0xb7](fI=[0xfc]H[0xe2][0x1e]z[0xe3][0xce][0xce][0xcc][0xce][0xfc]9[0xf3][[0xdb][0x6]A[0x1b][0xc][0x1c][0x98]V\[0xf3][0xd0]'[0xf3][0xc2][0xe3]T[0x90]E[0x97]QAV[0x98]R\K[0xb5][0x5][0x16]h[0xd9]\`[0x9b],[0x98][0x95][\r][0xca][0x5]8k[0x90][0xe3][0x12]*[0x16][0xd0][0xa0][0xe9][0xd3][0xfc][0x8c][0xf4]0[0xcd][0xfc]"d[0x96][0xc2][0xc0][0xb2][0x2][0x16][0xb8]4[0x8][0xb8][0xa8][0xa1]-[0xc4][0xd8][0xfc][0x8d]"[0xc6][0xba][0xb4][0xc9]5[\r][0xc0][0x81]Y[0xce]j[0x92][0xcc]Q[0xe5]rjR[0xe8][0xe5]&31[0xc6]]]>&#x7f;<![CDATA[~[0x11][0xdd][0x15][0xab]q)[0xc0][0x81][0xd2][0xba][0xe2].[0xfa][0x85]Qu`[0xbc]EC[0xcd][0x94] [0x83][0xcb][0xa6]lF[0x1][0xd5][0xe6][0xb6]`[0xdb][0xb6][0x5][0x1][0xd5][0x81][0xa8][0x81][0xb3][0xf6]y1g[[0x93][0xe3][0xb9][0x89][0x8a][0x5][0x1e]kH[0xb1][0xd5][0xc0]ZM[0xf3][0xf8][0xbc]b[0x14][0x9c][0xa2][0x9d][0xb3]-[0xa8]q[0xc1][0xc1][0x11]Q[0x10]X[0xa0]y[0x83]=[0x90]"[0xed]aue[0xe6]3[0xbb][0xe8][0xd8]6[0x96]V[0x95][0xca]c[\n]"
12:22:53.294 [Test worker] DEBUG org.apache.http.wire - http-outgoing-0 << "[0xed][0x15][0xb][0x4][0xd5]|[0x93][0x95][0xaf][0xa9][0xac][0x88][0x1a]Lq7[0xd3][0xcb][0xbe]YD[0xbd]"[0xa5][0x98]p[0xb9]yi[0x1b][0xdc][0xf4]nuy[0x16][0xfd][0xd3][0xbc][0xab][0x82]k[0xe6][0x91]eM5[0xb][0x89]'[0x83][0x80]*Td[0xab]Q[0x95][0xa8][0xe8]'[0xb0]S[0xc1][0x8e]E-[0xa2][0xb5],[0xf][0xf]e[0xb1]0[0xf5][0xe5]88[0xc0][0xb0][0xcf][0xec][0x9c]7[0xe7][0xda]0[0xf7]-Q[0xb]x[0xe8][0xc3][0x85]V[0xfa]fL[0xac][0x15][0x15]a[0xaa]n[0x8][0xce]6x[0xc3]^][0x9f][0x85][0x83][0xe]y[0xd4] [0xbc]a[0xba][0xc7][0xb]A[0x16][0x1f]0[0xa3]1[0x96][0x4][0x3]/I0[0xb6][0xfb][0xa3][0xe0][0xae]$[0x1e][0xb][0xc8][0xa2][0xdb][0xfd][0x85][\n]"
12:22:53.294 [Test worker] DEBUG org.apache.http.wire - http-outgoing-0 << "I[0xba][0xfb][0xc2][0xe3][0xae][0x4][0xb][0xd6][0xd5]0[0x80]+F[0xaa][0x8a]k*[0x4][0xff]*b[0xc4]c$[0xf8]T[0x9a][0x10][0xf3][0x94][0xe9][0xae]N[0xc1][0x81][0xb3]V[0xfb][0xac][0xf5][0xeb][0xd9][0xee][0xc1]Y[0xeb][0xf4][0x9f][0x1f][0xbe][0xc3][0xe3][0xee][0xc9][0xd9][0xee][0xd3][0xbf]]]>&#x7f;<![CDATA[[0xfb][0xf6][0xdd][0xf7]o[0xde][0xbd]x[0x81]2[0xe8][0xf3][0xa5][0xf4]3[0xa7][0xa5]`b[0x86][0xa5]p[0xf3][0x7][0xb1][0x94][0xea][0xb0][0x94][0xee][0xc9][0xa0][0xf8][0x9f][0xd2][0x8][0x99][0xfe]cI[0xba][0x87][0xdd][0xfd][0xac][0xf6][0xa6][0xbe]V[0xc0][0xa0]W[0x11]dj[0x86][0x8c][0xcc][0xb1]*g[0x1e][0x13][0x84][0xb][0xec][0xb3][0xaf][0xa4][0x9]2J[0xfa]*s[0xa6]"[0xdc][0xe0][0xc6][0xa1][0x1e]nHS5[0x1a]4K[0x1b][0xab][0xa3][0x88][0xa8]I[0xd2]J[0x1e]%[0xdf][0xc4][0xc7][0xc9][0x13][0x12][0xbf][0x8e][0x8f][0xdf]>[0x8f][0xf][0xe2]N[0xb2][0xf7][0xf6]y[0xdc]![0xf1]Q|L[0xe2]N[0xd2][0xc2]S[0xb2][0x97]<[0x89]OH[0xf2]8[0xd9][0x8b][0x8f]`[0xc7][0x82][0xf5][0x80][0xd6][0xc0][0x1]_[0xeb]f[0xe8][0x8c][0x8d])[0x16]jWFB+[0xce][0xc2][0x1c][0x8b][0xc6]<[0xaa][0xe9][0x18][0x97]:[0x17]n[0xe2]8[0xa5][0xbb]I[0x83][0xe9]@[0xba][0xe9][0x4]RWe[0xcb]VZ[0x1d][0xce][[0xba][0xb2][0x82][0xac][\n]"
12:22:53.294 [Test worker] DEBUG org.apache.http.wire - http-outgoing-0 << "\V[0xb][0xa4][0xf6][0x99]*[0xa5][0xae][0xd9]N[0x19][0x13][0xce]"
12:22:53.297 [Test worker] DEBUG org.apache.http.headers - http-outgoing-0 << HTTP/1.1 200 
12:22:53.297 [Test worker] DEBUG org.apache.http.headers - http-outgoing-0 << Date: Tue, 27 Aug 2019 16:22:53 GMT
12:22:53.297 [Test worker] DEBUG org.apache.http.headers - http-outgoing-0 << Content-Type: application/json;charset=utf-8
12:22:53.297 [Test worker] DEBUG org.apache.http.headers - http-outgoing-0 << Transfer-Encoding: chunked
12:22:53.297 [Test worker] DEBUG org.apache.http.headers - http-outgoing-0 << Connection: keep-alive
12:22:53.297 [Test worker] DEBUG org.apache.http.headers - http-outgoing-0 << Set-Cookie: __cfduid=d27338e233f41d2d38d7e8707cbb9083f1566922973; expires=Wed, 26-Aug-20 16:22:53 GMT; path=/; domain=.restcountries.eu; HttpOnly
12:22:53.297 [Test worker] DEBUG org.apache.http.headers - http-outgoing-0 << Access-Control-Allow-Origin: *
12:22:53.298 [Test worker] DEBUG org.apache.http.headers - http-outgoing-0 << Access-Control-Allow-Methods: GET
12:22:53.298 [Test worker] DEBUG org.apache.http.headers - http-outgoing-0 << Access-Control-Allow-Headers: Accept, X-Requested-With
12:22:53.298 [Test worker] DEBUG org.apache.http.headers - http-outgoing-0 << Cache-Control: public, max-age=86400
12:22:53.298 [Test worker] DEBUG org.apache.http.headers - http-outgoing-0 << Expect-CT: max-age=604800, report-uri="https://report-uri.cloudflare.com/cdn-cgi/beacon/expect-ct"
12:22:53.298 [Test worker] DEBUG org.apache.http.headers - http-outgoing-0 << Server: cloudflare
12:22:53.298 [Test worker] DEBUG org.apache.http.headers - http-outgoing-0 << CF-RAY: 50cf630a2fa6c524-ORD
12:22:53.298 [Test worker] DEBUG org.apache.http.headers - http-outgoing-0 << Content-Encoding: gzip
12:22:53.302 [Test worker] DEBUG org.apache.http.impl.execchain.MainClientExec - Connection can be kept alive indefinitely
12:22:53.320 [Test worker] DEBUG org.apache.http.client.protocol.ResponseProcessCookies - Cookie accepted [__cfduid="d27338e233f41d2d38d7e8707cbb9083f1566922973", version:0, domain:restcountries.eu, path:/, expiry:Wed Aug 26 12:22:53 EDT 2020]
12:22:53.324 [Test worker] DEBUG org.apache.http.wire - http-outgoing-0 << "[0xa1][0xd9][0xbd][0xb8][0x93]<[0x8a];[0xf1]A|[0x18]w[0xe2]#b[0x8e]/[0x93][0x87][0xf1]q[0xf2],i%[0xcf][0xc0][0x2][0x93][0x8a]P[0x93][0x98][0xb][0x96]Z[0xba]/e[0x86][0x7]A3[0xcb][0x89]8gi[0xc8]:%[0xf7][0xa9][0xb1]mP[0xa8][0xe0][0xa8][0xbb]\[0xba][0xe0][0x0][0xec]X[0x3]\[0x9a]e~[0xf][0x15][0xc5]e*[0x96]/Q[0xb1]<{[0x5][0x15][0xa7][0xc6][0xcf]C[0xb1][0xcc][0xee][0x93]Y[0x16][0xf8][0xfc]*"b[0xce]i[0xff][0xcf][0x87][0x8a]j[0xb0]`[0x89]5[0xa3]j[0xc0]]"[0xd7]I[0xbf][0xb8]i[0x9f]*[0xaa][0xc9][0x1c][0x15][0x8a][0xd6][0xb7][0xe8]y[0x82][0x86][0xfc]"?[0x97]e[0x84][0x1a][0xb][0x92][0xdd][0x8d][0xe2]s<?5[0x91][0x1f][0xb7][0xcf]C4[0x8f]|[0x9c][0x9c][0xcc][0xd9][0x1f][0x82]h!]]>&#x7f;<![CDATA[srbj[0x84][0xa4][0x85]B[0xee][0xc6]U$[0x9d]p[\n]"
12:22:53.324 [Test worker] DEBUG org.apache.http.wire - http-outgoing-0 << "[0x17]H[\n]"
12:22:53.324 [Test worker] DEBUG org.apache.http.wire - http-outgoing-0 << "[0xa5]/[0xe6][0xb0][0x8d]9[0xd4]jz[0x5][0x1b][0xbe]{w[0x9],[0x98][0xb9][0x8d][0xdf][0xe5]{[0xb]`[0xc1][0xbd][0xd2][0x1d][0xb0]`[0xe1]N[0x9].[0x82][0xb7][0xd7]>[0xec][0xb5]]]>&#x7f;<![CDATA[[0xef][0xb5][0xdf][0xf4][0xda][0xed]K[0x98]-L[0xbc][0x1f][0xb3][0xf3][0xe5][0xa5][0xe1]hf[0xd8]VQ[0x93][0xb1]Q[0xbc][0xfe][0xd5]:[0xfd]0`[0xcd]_[0x1b][0x1][0xac][0xcf][0xc5]0[0xeb]md[0x9]\*[0xf8][0xb4][0xd7][0xfe][0xa3][0xd7]~[0xdd]{[0xb5][0xdf]k[0xff][0xdc]{[0xf5][0xb5][0x19][0xb9][0xff][0x1b][0xda][0x3]^[0x1a]"[0xf7][0x87][0xc7][0xd0]v^xl[0x14][0xa4][0x86][0x9c]}`[0xf6]=[\r][0xc][\r][0xba]h[0x9f]t[0x83][0x93][0xe1]X[0xdf][0xd1][0xcf]R[0xf2]:[0x1d][0x90][0xe8]?[0x92]Ex[0xd7] [0xcb]r[0xa9][0xb4]43[0xd4][0xc5][0xcc][0xb5][0x19]j[0x1c][0xed]P[0xba][0xdc][0x8]@[0xd6][0xa5]"KY[0x1a]2#e[0x93][0xa9]t[0xda]?[0xce][0x9f]Q,[0xe0]*[0xef]T[0xfe][0x5][0x0][0x0][0xff][0xff][0x3][0x0][0x9d]$[0xca]xJ[0x9][0x0][0x0][\r][\n]"
12:22:53.325 [Test worker] DEBUG org.apache.http.wire - http-outgoing-0 << "0[\r][\n]"
12:22:53.325 [Test worker] DEBUG org.apache.http.wire - http-outgoing-0 << "[\r][\n]"
12:22:53.325 [Test worker] DEBUG org.apache.http.impl.conn.PoolingHttpClientConnectionManager - Connection [id: 0][route: {s}->https://restcountries.eu:443] can be kept alive indefinitely
12:22:53.325 [Test worker] DEBUG org.apache.http.impl.conn.DefaultManagedHttpClientConnection - http-outgoing-0: set socket timeout to 0
12:22:53.325 [Test worker] DEBUG org.apache.http.impl.conn.PoolingHttpClientConnectionManager - Connection released: [id: 0][route: {s}->https://restcountries.eu:443][total kept alive: 1; route allocated: 1 of 5; total allocated: 1 of 10]
12:22:53.326 [Test worker] DEBUG com.intuit.karate - response time in milliseconds: 321.94
1 < 200
1 < Access-Control-Allow-Headers: Accept, X-Requested-With
1 < Access-Control-Allow-Methods: GET
1 < Access-Control-Allow-Origin: *
1 < CF-RAY: 50cf630a2fa6c524-ORD
1 < Cache-Control: public, max-age=86400
1 < Connection: keep-alive
1 < Content-Type: application/json;charset=utf-8
1 < Date: Tue, 27 Aug 2019 16:22:53 GMT
1 < Expect-CT: max-age=604800, report-uri="https://report-uri.cloudflare.com/cdn-cgi/beacon/expect-ct"
1 < Server: cloudflare
1 < Set-Cookie: __cfduid=d27338e233f41d2d38d7e8707cbb9083f1566922973; expires=Wed, 26-Aug-20 16:22:53 GMT; path=/; domain=.restcountries.eu; HttpOnly
1 < Transfer-Encoding: chunked
[{"name":"British Indian Ocean Territory","topLevelDomain":[".io"],"alpha2Code":"IO","alpha3Code":"IOT","callingCodes":["246"],"capital":"Diego Garcia","altSpellings":["IO"],"region":"Africa","subregion":"Eastern Africa","population":3000,"latlng":[-6.0,71.5],"demonym":"Indian","area":60.0,"gini":null,"timezones":["UTC+06:00"],"borders":[],"nativeName":"British Indian Ocean Territory","numericCode":"086","currencies":[{"code":"USD","name":"United States dollar","symbol":"$"}],"languages":[{"iso639_1":"en","iso639_2":"eng","name":"English","nativeName":"English"}],"translations":{"de":"Britisches Territorium im Indischen Ozean","es":"Territorio Británico del Océano Índico","fr":"Territoire britannique de l'océan Indien","ja":"???????????","it":"Territorio britannico dell'oceano indiano","br":"Território Britânico do Oceano íÍdico","pt":"Território Britânico do Oceano Índico","nl":"Britse Gebieden in de Indische Oceaan","hr":"Britanski Indijskooceanski teritorij","fa":"????? ???????? ?? ??????? ???"},"flag":"https://restcountries.eu/data/iot.svg","regionalBlocs":[{"acronym":"AU","name":"African Union","otherAcronyms":[],"otherNames":["??????? ????????","Union africaine","União Africana","Unión Africana","Umoja wa Afrika"]}],"cioc":""},{"name":"India","topLevelDomain":[".in"],"alpha2Code":"IN","alpha3Code":"IND","callingCodes":["91"],"capital":"New Delhi","altSpellings":["IN","Bh?rat","Republic of India","Bharat Ganrajya"],"region":"Asia","subregion":"Southern Asia","population":1295210000,"latlng":[20.0,77.0],"demonym":"Indian","area":3287590.0,"gini":33.4,"timezones":["UTC+05:30"],"borders":["AFG","BGD","BTN","MMR","CHN","NPL","PAK","LKA"],"nativeName":"????","numericCode":"356","currencies":[{"code":"INR","name":"Indian rupee","symbol":"?"}],"languages":[{"iso639_1":"hi","iso639_2":"hin","name":"Hindi","nativeName":"??????"},{"iso639_1":"en","iso639_2":"eng","name":"English","nativeName":"English"}],"translations":{"de":"Indien","es":"India","fr":"Inde","ja":"???","it":"India","br":"Índia","pt":"Índia","nl":"India","hr":"Indija","fa":"???"},"flag":"https://restcountries.eu/data/ind.svg","regionalBlocs":[{"acronym":"SAARC","name":"South Asian Association for Regional Cooperation","otherAcronyms":[],"otherNames":[]}],"cioc":"IND"}]

12:22:53.357 [Test worker] DEBUG com.jayway.jsonpath.internal.path.CompiledPath - Evaluating path: $
12:22:53.370 [Test worker] DEBUG com.jayway.jsonpath.internal.path.CompiledPath - Evaluating path: $
12:22:53.415 [Test worker] INFO com.intuit.karate - [print] New Delhi
12:22:53.441 [Test worker] DEBUG org.apache.http.client.protocol.RequestAddCookies - CookieSpec selected: karate
12:22:53.441 [Test worker] DEBUG org.apache.http.client.protocol.RequestAuthCache - Auth cache not set in the context
12:22:53.441 [Test worker] DEBUG com.intuit.karate - request:
1 > GET https://restcountries.eu/rest/v2/name/USA
1 > Accept-Encoding: gzip,deflate
1 > Connection: Keep-Alive
1 > Host: restcountries.eu
1 > User-Agent: Apache-HttpClient/4.5.5 (Java/11.0.1)

12:22:53.442 [Test worker] DEBUG org.apache.http.impl.conn.PoolingHttpClientConnectionManager - Connection request: [route: {s}->https://restcountries.eu:443][total kept alive: 0; route allocated: 0 of 5; total allocated: 0 of 10]
12:22:53.442 [Test worker] DEBUG org.apache.http.impl.conn.PoolingHttpClientConnectionManager - Connection leased: [id: 1][route: {s}->https://restcountries.eu:443][total kept alive: 0; route allocated: 1 of 5; total allocated: 1 of 10]
12:22:53.443 [Test worker] DEBUG org.apache.http.impl.execchain.MainClientExec - Opening connection {s}->https://restcountries.eu:443
12:22:53.444 [Test worker] DEBUG org.apache.http.impl.conn.DefaultHttpClientConnectionOperator - Connecting to restcountries.eu/104.27.142.88:443
12:22:53.444 [Test worker] DEBUG org.apache.http.conn.ssl.LenientSslConnectionSocketFactory - Connecting socket to restcountries.eu/104.27.142.88:443 with timeout 30000
12:22:53.472 [Test worker] DEBUG org.apache.http.conn.ssl.LenientSslConnectionSocketFactory - Enabled protocols: [TLSv1.3, TLSv1.2, TLSv1.1, TLSv1]
12:22:53.472 [Test worker] DEBUG org.apache.http.conn.ssl.LenientSslConnectionSocketFactory - Enabled cipher suites:[TLS_AES_128_GCM_SHA256, TLS_AES_256_GCM_SHA384, TLS_ECDHE_ECDSA_WITH_AES_256_GCM_SHA384, TLS_ECDHE_ECDSA_WITH_AES_128_GCM_SHA256, TLS_ECDHE_RSA_WITH_AES_256_GCM_SHA384, TLS_RSA_WITH_AES_256_GCM_SHA384, TLS_ECDH_ECDSA_WITH_AES_256_GCM_SHA384, TLS_ECDH_RSA_WITH_AES_256_GCM_SHA384, TLS_DHE_RSA_WITH_AES_256_GCM_SHA384, TLS_DHE_DSS_WITH_AES_256_GCM_SHA384, TLS_ECDHE_RSA_WITH_AES_128_GCM_SHA256, TLS_RSA_WITH_AES_128_GCM_SHA256, TLS_ECDH_ECDSA_WITH_AES_128_GCM_SHA256, TLS_ECDH_RSA_WITH_AES_128_GCM_SHA256, TLS_DHE_RSA_WITH_AES_128_GCM_SHA256, TLS_DHE_DSS_WITH_AES_128_GCM_SHA256, TLS_ECDHE_ECDSA_WITH_AES_256_CBC_SHA384, TLS_ECDHE_RSA_WITH_AES_256_CBC_SHA384, TLS_RSA_WITH_AES_256_CBC_SHA256, TLS_ECDH_ECDSA_WITH_AES_256_CBC_SHA384, TLS_ECDH_RSA_WITH_AES_256_CBC_SHA384, TLS_DHE_RSA_WITH_AES_256_CBC_SHA256, TLS_DHE_DSS_WITH_AES_256_CBC_SHA256, TLS_ECDHE_ECDSA_WITH_AES_256_CBC_SHA, TLS_ECDHE_RSA_WITH_AES_256_CBC_SHA, TLS_RSA_WITH_AES_256_CBC_SHA, TLS_ECDH_ECDSA_WITH_AES_256_CBC_SHA, TLS_ECDH_RSA_WITH_AES_256_CBC_SHA, TLS_DHE_RSA_WITH_AES_256_CBC_SHA, TLS_DHE_DSS_WITH_AES_256_CBC_SHA, TLS_ECDHE_ECDSA_WITH_AES_128_CBC_SHA256, TLS_ECDHE_RSA_WITH_AES_128_CBC_SHA256, TLS_RSA_WITH_AES_128_CBC_SHA256, TLS_ECDH_ECDSA_WITH_AES_128_CBC_SHA256, TLS_ECDH_RSA_WITH_AES_128_CBC_SHA256, TLS_DHE_RSA_WITH_AES_128_CBC_SHA256, TLS_DHE_DSS_WITH_AES_128_CBC_SHA256, TLS_ECDHE_ECDSA_WITH_AES_128_CBC_SHA, TLS_ECDHE_RSA_WITH_AES_128_CBC_SHA, TLS_RSA_WITH_AES_128_CBC_SHA, TLS_ECDH_ECDSA_WITH_AES_128_CBC_SHA, TLS_ECDH_RSA_WITH_AES_128_CBC_SHA, TLS_DHE_RSA_WITH_AES_128_CBC_SHA, TLS_DHE_DSS_WITH_AES_128_CBC_SHA, TLS_EMPTY_RENEGOTIATION_INFO_SCSV]
12:22:53.472 [Test worker] DEBUG org.apache.http.conn.ssl.LenientSslConnectionSocketFactory - Starting handshake
12:22:53.520 [Test worker] DEBUG org.apache.http.conn.ssl.LenientSslConnectionSocketFactory - Secure session established
12:22:53.521 [Test worker] DEBUG org.apache.http.conn.ssl.LenientSslConnectionSocketFactory -  negotiated protocol: TLSv1.3
12:22:53.521 [Test worker] DEBUG org.apache.http.conn.ssl.LenientSslConnectionSocketFactory -  negotiated cipher suite: TLS_AES_128_GCM_SHA256
12:22:53.521 [Test worker] DEBUG org.apache.http.conn.ssl.LenientSslConnectionSocketFactory -  peer principal: CN=sni144227.cloudflaressl.com, OU=PositiveSSL Multi-Domain, OU=Domain Control Validated
12:22:53.521 [Test worker] DEBUG org.apache.http.conn.ssl.LenientSslConnectionSocketFactory -  peer alternative names: [sni144227.cloudflaressl.com, *.abcdent.pub, *.abcdent.support, *.arcticjob.com, *.bankofpartners.cn, *.bankofpartners.com, *.bestofpartners.cn, *.bestofpartners.com, *.bidraggronland.dk, *.cardscorekeeper.com, *.cio-agenda.com, *.cio-agenda.org, *.cio-index.org, *.cioindex.org, *.donategreenland.eu, *.eugenol.com, *.fh-naestved.dk, *.fh4700.dk, *.fhit.dk, *.fhkollegium.dk, *.fhnaestved.dk, *.flaxhouse.dk, *.inn.group, *.living-shiatsu.com, *.pakhuset.org, *.restcountries.eu, *.tradeforhope.dk, *.vgps.pl, *.whitestagweddings.com, *.xn--bidraggrnland-inb.dk, *.xn--chirurgieguide-nkb.fr, *.xn--hrhuset-q1a.dk, *.xn--lu-xia.dk, abcdent.pub, abcdent.support, arcticjob.com, bankofpartners.cn, bankofpartners.com, bestofpartners.cn, bestofpartners.com, bidraggronland.dk, cardscorekeeper.com, cio-agenda.com, cio-agenda.org, cio-index.org, cioindex.org, donategreenland.eu, eugenol.com, fh-naestved.dk, fh4700.dk, fhit.dk, fhkollegium.dk, fhnaestved.dk, flaxhouse.dk, inn.group, living-shiatsu.com, pakhuset.org, restcountries.eu, tradeforhope.dk, vgps.pl, whitestagweddings.com, xn--bidraggrnland-inb.dk, xn--chirurgieguide-nkb.fr, xn--hrhuset-q1a.dk, xn--lu-xia.dk]
12:22:53.521 [Test worker] DEBUG org.apache.http.conn.ssl.LenientSslConnectionSocketFactory -  issuer principal: CN=COMODO ECC Domain Validation Secure Server CA 2, O=COMODO CA Limited, L=Salford, ST=Greater Manchester, C=GB
12:22:53.522 [Test worker] DEBUG org.apache.http.impl.conn.DefaultHttpClientConnectionOperator - Connection established 192.168.86.21:62014<->104.27.142.88:443
12:22:53.522 [Test worker] DEBUG org.apache.http.impl.conn.DefaultManagedHttpClientConnection - http-outgoing-1: set socket timeout to 30000
12:22:53.522 [Test worker] DEBUG org.apache.http.impl.execchain.MainClientExec - Executing request GET /rest/v2/name/USA HTTP/1.1
12:22:53.522 [Test worker] DEBUG org.apache.http.impl.execchain.MainClientExec - Target auth state: UNCHALLENGED
12:22:53.522 [Test worker] DEBUG org.apache.http.impl.execchain.MainClientExec - Proxy auth state: UNCHALLENGED
12:22:53.522 [Test worker] DEBUG org.apache.http.headers - http-outgoing-1 >> GET /rest/v2/name/USA HTTP/1.1
12:22:53.522 [Test worker] DEBUG org.apache.http.headers - http-outgoing-1 >> Host: restcountries.eu
12:22:53.522 [Test worker] DEBUG org.apache.http.headers - http-outgoing-1 >> Connection: Keep-Alive
12:22:53.522 [Test worker] DEBUG org.apache.http.headers - http-outgoing-1 >> User-Agent: Apache-HttpClient/4.5.5 (Java/11.0.1)
12:22:53.522 [Test worker] DEBUG org.apache.http.headers - http-outgoing-1 >> Accept-Encoding: gzip,deflate
12:22:53.523 [Test worker] DEBUG org.apache.http.wire - http-outgoing-1 >> "GET /rest/v2/name/USA HTTP/1.1[\r][\n]"
12:22:53.523 [Test worker] DEBUG org.apache.http.wire - http-outgoing-1 >> "Host: restcountries.eu[\r][\n]"
12:22:53.523 [Test worker] DEBUG org.apache.http.wire - http-outgoing-1 >> "Connection: Keep-Alive[\r][\n]"
12:22:53.523 [Test worker] DEBUG org.apache.http.wire - http-outgoing-1 >> "User-Agent: Apache-HttpClient/4.5.5 (Java/11.0.1)[\r][\n]"
12:22:53.523 [Test worker] DEBUG org.apache.http.wire - http-outgoing-1 >> "Accept-Encoding: gzip,deflate[\r][\n]"
12:22:53.523 [Test worker] DEBUG org.apache.http.wire - http-outgoing-1 >> "[\r][\n]"
12:22:53.615 [Test worker] DEBUG org.apache.http.wire - http-outgoing-1 << "HTTP/1.1 200 [\r][\n]"
12:22:53.615 [Test worker] DEBUG org.apache.http.wire - http-outgoing-1 << "Date: Tue, 27 Aug 2019 16:22:54 GMT[\r][\n]"
12:22:53.615 [Test worker] DEBUG org.apache.http.wire - http-outgoing-1 << "Content-Type: application/json;charset=utf-8[\r][\n]"
12:22:53.615 [Test worker] DEBUG org.apache.http.wire - http-outgoing-1 << "Transfer-Encoding: chunked[\r][\n]"
12:22:53.615 [Test worker] DEBUG org.apache.http.wire - http-outgoing-1 << "Connection: keep-alive[\r][\n]"
12:22:53.615 [Test worker] DEBUG org.apache.http.wire - http-outgoing-1 << "Set-Cookie: __cfduid=d8e25dcbe251d7323bed42156137dba641566922974; expires=Wed, 26-Aug-20 16:22:54 GMT; path=/; domain=.restcountries.eu; HttpOnly[\r][\n]"
12:22:53.615 [Test worker] DEBUG org.apache.http.wire - http-outgoing-1 << "Access-Control-Allow-Origin: *[\r][\n]"
12:22:53.615 [Test worker] DEBUG org.apache.http.wire - http-outgoing-1 << "Access-Control-Allow-Methods: GET[\r][\n]"
12:22:53.615 [Test worker] DEBUG org.apache.http.wire - http-outgoing-1 << "Access-Control-Allow-Headers: Accept, X-Requested-With[\r][\n]"
12:22:53.615 [Test worker] DEBUG org.apache.http.wire - http-outgoing-1 << "Cache-Control: public, max-age=86400[\r][\n]"
12:22:53.615 [Test worker] DEBUG org.apache.http.wire - http-outgoing-1 << "Expect-CT: max-age=604800, report-uri="https://report-uri.cloudflare.com/cdn-cgi/beacon/expect-ct"[\r][\n]"
12:22:53.615 [Test worker] DEBUG org.apache.http.wire - http-outgoing-1 << "Server: cloudflare[\r][\n]"
12:22:53.615 [Test worker] DEBUG org.apache.http.wire - http-outgoing-1 << "CF-RAY: 50cf630c1d7d55ec-ORD[\r][\n]"
12:22:53.615 [Test worker] DEBUG org.apache.http.wire - http-outgoing-1 << "Content-Encoding: gzip[\r][\n]"
12:22:53.615 [Test worker] DEBUG org.apache.http.wire - http-outgoing-1 << "[\r][\n]"
12:22:53.615 [Test worker] DEBUG org.apache.http.wire - http-outgoing-1 << "2f3[\r][\n]"
12:22:53.616 [Test worker] DEBUG org.apache.http.wire - http-outgoing-1 << "[0x1f][0x8b][0x8][0x0][0x0][0x0][0x0][0x0][0x0][0x3]tTMO[0xdb]@[0x10][0xfd]+[0xab]Q[0xa5][0x1e]p[0x82][0x93]P [0xbe][0xb9][0x9][0x9c]([0x17][0xa0][0xad][0x84][0xa2]jc[0xf][0xce][0x82][0xbd][0x1b][0xed][0xae]#[0xb5][0x88][0xb][0x94]~HT[0xea][0xbd]'[0xb8]DPUU]]>&#x7f;<![CDATA[@{[0xa1][0xfd][0xf]N9FH[0xfd][0x19][0xd5][0xd8][0xce][0x87][0xaa][0xf4]6[0xfb][0xbc][0xf3][0xf6][0xcd][0xbc][0x19][0xef][0x1f][0x83][0xe4][0x9][0x82][0x7]{RX[0xc][0xd9][0x8e][0xe5][0x16][\r]S[0x7][0xcc]OP[0x8b][0x80][0x83][0x3]V[0xf5][0xb7]p[0x80]q[%\H[0xf0][0xf6][0xa1][0x9a][0x1a][0xe8]8[0xc0][0xe3]~[0x8f][0xd7][*[0xcc][0x9]v[0xa0]D[0x1a]S[0xc4][0x7][0x7][0x2][0x1e][0xc7]BF[0x84][0x19][0xca][0xad]Qf[0xc0][0xfb][0xc2][0xf2][0x18]<x[0xc6]MO[0xc8][0xc8]*[0xe9][0xb0]v[0xb5]U[0xcd]I[0xec]N[0x1f][0xf3][0xac]<#g.[0xc8][0xfe][0xab][0xb2][0xe3][0x80][0xc6]H([0x9][0x1e][0x94][0x98][0x1][0x7]L[0xda][0x9d][0xc2][0xdb]J[0xdb][0x1e]j9WY_[0xf5][0xd3][0x98][0xdb][0xfc]{[0xa3][0xde]h[0xae][0xac][0xb9][0xae][0xeb]@[0xcc]m,#[0xf0][0xf6][0x1b][0xeb]U[0xd7][0xa9]4[0xd7][0xaa]n[0xc7][0x81][0x10][0x13]%_&[0xb3][0x7]$i[0xd5][0xc8][0xc1]k[0xae][0xd6][0x9b]n[0xb3]Vu[0x1d][0x88][0x84][0x14][0xe0][0xad]P"X[0x91][0xe0]+%[0x8b][0xba][0xf7]v[[0x95]Z[0xdd]s]*[0x83][0xe2][0xda]\[0xec][0xce]b[0xb7]9[0x17][0xaf][0xcf][0xc5]ks[0xf1][0xea]\[0xfc]h.^[0x99][0xc6]Ks[0x9c]K[0xc5][0xbb][0x1d][0x7][0xba]J[0x87][0xa8]s=-]]>&#x7f;<![CDATA[[0x1b][0x1c]x[0xb2][0xf1][0x9c]p[0xc9][0xad][0x18][0xe0][0xf6][0x82]Q[0x0][0x7]d[0x9a][0xd7][[0xba][0xba][0xbe]B[0xac]A[0xaa]5[0xca]@[0xe4][0xb5][0x1d]C0q[0xbc]M[0xf7][0x17]MT[0xa8][0xe2][0x98]k[0xb2][0xe4]e[0xd2]U[0xe4][0xfc][0x3]8[0xe9]P[0xaf]e[0x94][0xf2][0xa8][0xe4][0x11]F[0xad]6[0x9a]/j[0xe0][0x1]R{[0xcb]s=?G3[0xee][\r][0x19][0xc5][0xc2][0xf4][0xe0][0x1f][0xe5][0x13][0x98][0x88][0xad][0xe6][0xd2][0x14][0xe6][0x1a][0xf0][0x8e]![0x17][0xf8][0x14]5[\n]"
12:22:53.616 [Test worker] DEBUG org.apache.http.wire - http-outgoing-1 << ")"[0x8b][0xa4][0x8b][[0x94]l[0xa0][0xca][0x89]8[0xa2][0x89] [0x1d][0xb0]a,[0xf][0x95]a{R[0x84][0x8a]:p[0xa0][0xc1][0x83][0xdb][0xf7][0x96][S[0xd9][0x93][0x82][0xa0]C[0xe][0x1e][0x8c]O[0xaf][0xc6]g[0x97][0xe3][0xb3][0x9b][0xf1][0xe9][0xe7][0xfb][0x8f][0xef][0xfe]\[0xbe][0xb9][0xff][0xf4][0x9d]d[[0xf0][0x80][\n]"
12:22:53.616 [Test worker] DEBUG org.apache.http.wire - http-outgoing-1 << "[0x17][0xc4]a[0x5]k?[0x9c][\r]]W/z[0xa2]o[0x17][0xa1]2.EK[0x11][0x85]X[0xf4][0x92][0xfa][0xd2]#[0x8e][0x9d]C[0xc][0x85]<D[0x89]E[0x1]??[0x1c]!k[0xeb]_?[0xf8][0x0]I4)[0xcc][0x86]w[0x17][0xd9]p[0xf4]:[0x1b]f7lt[0x9e][0xdd]d_[0xb2][0xaf][0xa3][0xb7],[0xbb][0x1a][0x9d]g[0xdf][0xee].~_gC8q[0xe0] [0xe6][0x11]x[0xd0][0xb3][0xb6]o[0xbc][0xe5]e[0x8d][0xc6][0x6]*[0x95]V[0xb]4UL[0x97]Cn[0xf9]rjx[0xd5][0xc][0xc8][0x86]b[0xa9]x[0xfc]8VA[0xe1][0x1c][0xf]t[0xb9][0x1d][0xdb][0xfe][0xe6][0xae]?[0xb3]*_[0xbb][0xc9][0xce]I[0xb6][0xa9][0x11][0xd9][0xae][0xe6]!2?[0xd2][0x88][0x9]J[0xb][0xe](ZM[0xbf][0xe0] [0xc2]N[0x9][0x91][0xb1][0xf9][0xb8][0xee]jN[0xbd]a![0xb2]-[0xd1][0xd5][0xc8]Z*A[0x1d][0x88][0x1c][0xf1][0x93][0xdb]k[0xa2]g![0xc6][0x8c][0x1e][0xa4][0xfa][0xfd] P:[0x9c]&Tn[0xaf][0x83][0x1e][0x97][0x11][0xd2][0x85][0xb0]2I[0x11][0x12]:"
12:22:53.616 [Test worker] DEBUG org.apache.http.headers - http-outgoing-1 << HTTP/1.1 200 
12:22:53.616 [Test worker] DEBUG org.apache.http.headers - http-outgoing-1 << Date: Tue, 27 Aug 2019 16:22:54 GMT
12:22:53.617 [Test worker] DEBUG org.apache.http.headers - http-outgoing-1 << Content-Type: application/json;charset=utf-8
12:22:53.617 [Test worker] DEBUG org.apache.http.headers - http-outgoing-1 << Transfer-Encoding: chunked
12:22:53.617 [Test worker] DEBUG org.apache.http.headers - http-outgoing-1 << Connection: keep-alive
12:22:53.617 [Test worker] DEBUG org.apache.http.headers - http-outgoing-1 << Set-Cookie: __cfduid=d8e25dcbe251d7323bed42156137dba641566922974; expires=Wed, 26-Aug-20 16:22:54 GMT; path=/; domain=.restcountries.eu; HttpOnly
12:22:53.617 [Test worker] DEBUG org.apache.http.headers - http-outgoing-1 << Access-Control-Allow-Origin: *
12:22:53.617 [Test worker] DEBUG org.apache.http.headers - http-outgoing-1 << Access-Control-Allow-Methods: GET
12:22:53.617 [Test worker] DEBUG org.apache.http.headers - http-outgoing-1 << Access-Control-Allow-Headers: Accept, X-Requested-With
12:22:53.617 [Test worker] DEBUG org.apache.http.headers - http-outgoing-1 << Cache-Control: public, max-age=86400
12:22:53.617 [Test worker] DEBUG org.apache.http.headers - http-outgoing-1 << Expect-CT: max-age=604800, report-uri="https://report-uri.cloudflare.com/cdn-cgi/beacon/expect-ct"
12:22:53.617 [Test worker] DEBUG org.apache.http.headers - http-outgoing-1 << Server: cloudflare
12:22:53.617 [Test worker] DEBUG org.apache.http.headers - http-outgoing-1 << CF-RAY: 50cf630c1d7d55ec-ORD
12:22:53.617 [Test worker] DEBUG org.apache.http.headers - http-outgoing-1 << Content-Encoding: gzip
12:22:53.617 [Test worker] DEBUG org.apache.http.impl.execchain.MainClientExec - Connection can be kept alive indefinitely
12:22:53.618 [Test worker] DEBUG org.apache.http.client.protocol.ResponseProcessCookies - Cookie accepted [__cfduid="d8e25dcbe251d7323bed42156137dba641566922974", version:0, domain:restcountries.eu, path:/, expiry:Wed Aug 26 12:22:54 EDT 2020]
12:22:53.619 [Test worker] DEBUG org.apache.http.wire - http-outgoing-1 << "4.[0x81]PA[0xf9][0xcf]:[0xe9][0xfc][0x5][0x0][0x0][0xff][0xff][0x3][0x0][0x10][0xea][0x9e][0x83][0x17][0x5][0x0][0x0][\r][\n]"
12:22:53.619 [Test worker] DEBUG org.apache.http.wire - http-outgoing-1 << "0[\r][\n]"
12:22:53.619 [Test worker] DEBUG org.apache.http.wire - http-outgoing-1 << "[\r][\n]"
12:22:53.619 [Test worker] DEBUG org.apache.http.impl.conn.PoolingHttpClientConnectionManager - Connection [id: 1][route: {s}->https://restcountries.eu:443] can be kept alive indefinitely
12:22:53.619 [Test worker] DEBUG org.apache.http.impl.conn.DefaultManagedHttpClientConnection - http-outgoing-1: set socket timeout to 0
12:22:53.619 [Test worker] DEBUG org.apache.http.impl.conn.PoolingHttpClientConnectionManager - Connection released: [id: 1][route: {s}->https://restcountries.eu:443][total kept alive: 1; route allocated: 1 of 5; total allocated: 1 of 10]
12:22:53.620 [Test worker] DEBUG com.intuit.karate - response time in milliseconds: 175.26
1 < 200
1 < Access-Control-Allow-Headers: Accept, X-Requested-With
1 < Access-Control-Allow-Methods: GET
1 < Access-Control-Allow-Origin: *
1 < CF-RAY: 50cf630c1d7d55ec-ORD
1 < Cache-Control: public, max-age=86400
1 < Connection: keep-alive
1 < Content-Type: application/json;charset=utf-8
1 < Date: Tue, 27 Aug 2019 16:22:54 GMT
1 < Expect-CT: max-age=604800, report-uri="https://report-uri.cloudflare.com/cdn-cgi/beacon/expect-ct"
1 < Server: cloudflare
1 < Set-Cookie: __cfduid=d8e25dcbe251d7323bed42156137dba641566922974; expires=Wed, 26-Aug-20 16:22:54 GMT; path=/; domain=.restcountries.eu; HttpOnly
1 < Transfer-Encoding: chunked
[{"name":"United States of America","topLevelDomain":[".us"],"alpha2Code":"US","alpha3Code":"USA","callingCodes":["1"],"capital":"Washington, D.C.","altSpellings":["US","USA","United States of America"],"region":"Americas","subregion":"Northern America","population":323947000,"latlng":[38.0,-97.0],"demonym":"American","area":9629091.0,"gini":48.0,"timezones":["UTC-12:00","UTC-11:00","UTC-10:00","UTC-09:00","UTC-08:00","UTC-07:00","UTC-06:00","UTC-05:00","UTC-04:00","UTC+10:00","UTC+12:00"],"borders":["CAN","MEX"],"nativeName":"United States","numericCode":"840","currencies":[{"code":"USD","name":"United States dollar","symbol":"$"}],"languages":[{"iso639_1":"en","iso639_2":"eng","name":"English","nativeName":"English"}],"translations":{"de":"Vereinigte Staaten von Amerika","es":"Estados Unidos","fr":"États-Unis","ja":"???????","it":"Stati Uniti D'America","br":"Estados Unidos","pt":"Estados Unidos","nl":"Verenigde Staten","hr":"Sjedinjene Ameri?ke Države","fa":"?????? ????? ??????"},"flag":"https://restcountries.eu/data/usa.svg","regionalBlocs":[{"acronym":"NAFTA","name":"North American Free Trade Agreement","otherAcronyms":[],"otherNames":["Tratado de Libre Comercio de América del Norte","Accord de Libre-échange Nord-Américain"]}],"cioc":"USA"}]

12:22:53.624 [Test worker] DEBUG com.jayway.jsonpath.internal.path.CompiledPath - Evaluating path: $
12:22:53.632 [Test worker] DEBUG com.jayway.jsonpath.internal.path.CompiledPath - Evaluating path: $
12:22:53.641 [Test worker] INFO com.intuit.karate - [print] Washington, D.C.
12:22:53.655 [Test worker] DEBUG org.apache.http.client.protocol.RequestAddCookies - CookieSpec selected: karate
12:22:53.656 [Test worker] DEBUG org.apache.http.client.protocol.RequestAuthCache - Auth cache not set in the context
12:22:53.656 [Test worker] DEBUG com.intuit.karate - request:
1 > GET https://restcountries.eu/rest/v2/name/China
1 > Accept-Encoding: gzip,deflate
1 > Connection: Keep-Alive
1 > Host: restcountries.eu
1 > User-Agent: Apache-HttpClient/4.5.5 (Java/11.0.1)

12:22:53.656 [Test worker] DEBUG org.apache.http.impl.conn.PoolingHttpClientConnectionManager - Connection request: [route: {s}->https://restcountries.eu:443][total kept alive: 0; route allocated: 0 of 5; total allocated: 0 of 10]
12:22:53.656 [Test worker] DEBUG org.apache.http.impl.conn.PoolingHttpClientConnectionManager - Connection leased: [id: 2][route: {s}->https://restcountries.eu:443][total kept alive: 0; route allocated: 1 of 5; total allocated: 1 of 10]
12:22:53.656 [Test worker] DEBUG org.apache.http.impl.execchain.MainClientExec - Opening connection {s}->https://restcountries.eu:443
12:22:53.657 [Test worker] DEBUG org.apache.http.impl.conn.DefaultHttpClientConnectionOperator - Connecting to restcountries.eu/104.27.142.88:443
12:22:53.657 [Test worker] DEBUG org.apache.http.conn.ssl.LenientSslConnectionSocketFactory - Connecting socket to restcountries.eu/104.27.142.88:443 with timeout 30000
12:22:53.685 [Test worker] DEBUG org.apache.http.conn.ssl.LenientSslConnectionSocketFactory - Enabled protocols: [TLSv1.3, TLSv1.2, TLSv1.1, TLSv1]
12:22:53.686 [Test worker] DEBUG org.apache.http.conn.ssl.LenientSslConnectionSocketFactory - Enabled cipher suites:[TLS_AES_128_GCM_SHA256, TLS_AES_256_GCM_SHA384, TLS_ECDHE_ECDSA_WITH_AES_256_GCM_SHA384, TLS_ECDHE_ECDSA_WITH_AES_128_GCM_SHA256, TLS_ECDHE_RSA_WITH_AES_256_GCM_SHA384, TLS_RSA_WITH_AES_256_GCM_SHA384, TLS_ECDH_ECDSA_WITH_AES_256_GCM_SHA384, TLS_ECDH_RSA_WITH_AES_256_GCM_SHA384, TLS_DHE_RSA_WITH_AES_256_GCM_SHA384, TLS_DHE_DSS_WITH_AES_256_GCM_SHA384, TLS_ECDHE_RSA_WITH_AES_128_GCM_SHA256, TLS_RSA_WITH_AES_128_GCM_SHA256, TLS_ECDH_ECDSA_WITH_AES_128_GCM_SHA256, TLS_ECDH_RSA_WITH_AES_128_GCM_SHA256, TLS_DHE_RSA_WITH_AES_128_GCM_SHA256, TLS_DHE_DSS_WITH_AES_128_GCM_SHA256, TLS_ECDHE_ECDSA_WITH_AES_256_CBC_SHA384, TLS_ECDHE_RSA_WITH_AES_256_CBC_SHA384, TLS_RSA_WITH_AES_256_CBC_SHA256, TLS_ECDH_ECDSA_WITH_AES_256_CBC_SHA384, TLS_ECDH_RSA_WITH_AES_256_CBC_SHA384, TLS_DHE_RSA_WITH_AES_256_CBC_SHA256, TLS_DHE_DSS_WITH_AES_256_CBC_SHA256, TLS_ECDHE_ECDSA_WITH_AES_256_CBC_SHA, TLS_ECDHE_RSA_WITH_AES_256_CBC_SHA, TLS_RSA_WITH_AES_256_CBC_SHA, TLS_ECDH_ECDSA_WITH_AES_256_CBC_SHA, TLS_ECDH_RSA_WITH_AES_256_CBC_SHA, TLS_DHE_RSA_WITH_AES_256_CBC_SHA, TLS_DHE_DSS_WITH_AES_256_CBC_SHA, TLS_ECDHE_ECDSA_WITH_AES_128_CBC_SHA256, TLS_ECDHE_RSA_WITH_AES_128_CBC_SHA256, TLS_RSA_WITH_AES_128_CBC_SHA256, TLS_ECDH_ECDSA_WITH_AES_128_CBC_SHA256, TLS_ECDH_RSA_WITH_AES_128_CBC_SHA256, TLS_DHE_RSA_WITH_AES_128_CBC_SHA256, TLS_DHE_DSS_WITH_AES_128_CBC_SHA256, TLS_ECDHE_ECDSA_WITH_AES_128_CBC_SHA, TLS_ECDHE_RSA_WITH_AES_128_CBC_SHA, TLS_RSA_WITH_AES_128_CBC_SHA, TLS_ECDH_ECDSA_WITH_AES_128_CBC_SHA, TLS_ECDH_RSA_WITH_AES_128_CBC_SHA, TLS_DHE_RSA_WITH_AES_128_CBC_SHA, TLS_DHE_DSS_WITH_AES_128_CBC_SHA, TLS_EMPTY_RENEGOTIATION_INFO_SCSV]
12:22:53.686 [Test worker] DEBUG org.apache.http.conn.ssl.LenientSslConnectionSocketFactory - Starting handshake
12:22:53.730 [Test worker] DEBUG org.apache.http.conn.ssl.LenientSslConnectionSocketFactory - Secure session established
12:22:53.730 [Test worker] DEBUG org.apache.http.conn.ssl.LenientSslConnectionSocketFactory -  negotiated protocol: TLSv1.3
12:22:53.730 [Test worker] DEBUG org.apache.http.conn.ssl.LenientSslConnectionSocketFactory -  negotiated cipher suite: TLS_AES_128_GCM_SHA256
12:22:53.730 [Test worker] DEBUG org.apache.http.conn.ssl.LenientSslConnectionSocketFactory -  peer principal: CN=sni144227.cloudflaressl.com, OU=PositiveSSL Multi-Domain, OU=Domain Control Validated
12:22:53.730 [Test worker] DEBUG org.apache.http.conn.ssl.LenientSslConnectionSocketFactory -  peer alternative names: [sni144227.cloudflaressl.com, *.abcdent.pub, *.abcdent.support, *.arcticjob.com, *.bankofpartners.cn, *.bankofpartners.com, *.bestofpartners.cn, *.bestofpartners.com, *.bidraggronland.dk, *.cardscorekeeper.com, *.cio-agenda.com, *.cio-agenda.org, *.cio-index.org, *.cioindex.org, *.donategreenland.eu, *.eugenol.com, *.fh-naestved.dk, *.fh4700.dk, *.fhit.dk, *.fhkollegium.dk, *.fhnaestved.dk, *.flaxhouse.dk, *.inn.group, *.living-shiatsu.com, *.pakhuset.org, *.restcountries.eu, *.tradeforhope.dk, *.vgps.pl, *.whitestagweddings.com, *.xn--bidraggrnland-inb.dk, *.xn--chirurgieguide-nkb.fr, *.xn--hrhuset-q1a.dk, *.xn--lu-xia.dk, abcdent.pub, abcdent.support, arcticjob.com, bankofpartners.cn, bankofpartners.com, bestofpartners.cn, bestofpartners.com, bidraggronland.dk, cardscorekeeper.com, cio-agenda.com, cio-agenda.org, cio-index.org, cioindex.org, donategreenland.eu, eugenol.com, fh-naestved.dk, fh4700.dk, fhit.dk, fhkollegium.dk, fhnaestved.dk, flaxhouse.dk, inn.group, living-shiatsu.com, pakhuset.org, restcountries.eu, tradeforhope.dk, vgps.pl, whitestagweddings.com, xn--bidraggrnland-inb.dk, xn--chirurgieguide-nkb.fr, xn--hrhuset-q1a.dk, xn--lu-xia.dk]
12:22:53.730 [Test worker] DEBUG org.apache.http.conn.ssl.LenientSslConnectionSocketFactory -  issuer principal: CN=COMODO ECC Domain Validation Secure Server CA 2, O=COMODO CA Limited, L=Salford, ST=Greater Manchester, C=GB
12:22:53.731 [Test worker] DEBUG org.apache.http.impl.conn.DefaultHttpClientConnectionOperator - Connection established 192.168.86.21:62015<->104.27.142.88:443
12:22:53.731 [Test worker] DEBUG org.apache.http.impl.conn.DefaultManagedHttpClientConnection - http-outgoing-2: set socket timeout to 30000
12:22:53.731 [Test worker] DEBUG org.apache.http.impl.execchain.MainClientExec - Executing request GET /rest/v2/name/China HTTP/1.1
12:22:53.731 [Test worker] DEBUG org.apache.http.impl.execchain.MainClientExec - Target auth state: UNCHALLENGED
12:22:53.731 [Test worker] DEBUG org.apache.http.impl.execchain.MainClientExec - Proxy auth state: UNCHALLENGED
12:22:53.731 [Test worker] DEBUG org.apache.http.headers - http-outgoing-2 >> GET /rest/v2/name/China HTTP/1.1
12:22:53.731 [Test worker] DEBUG org.apache.http.headers - http-outgoing-2 >> Host: restcountries.eu
12:22:53.731 [Test worker] DEBUG org.apache.http.headers - http-outgoing-2 >> Connection: Keep-Alive
12:22:53.731 [Test worker] DEBUG org.apache.http.headers - http-outgoing-2 >> User-Agent: Apache-HttpClient/4.5.5 (Java/11.0.1)
12:22:53.731 [Test worker] DEBUG org.apache.http.headers - http-outgoing-2 >> Accept-Encoding: gzip,deflate
12:22:53.731 [Test worker] DEBUG org.apache.http.wire - http-outgoing-2 >> "GET /rest/v2/name/China HTTP/1.1[\r][\n]"
12:22:53.732 [Test worker] DEBUG org.apache.http.wire - http-outgoing-2 >> "Host: restcountries.eu[\r][\n]"
12:22:53.732 [Test worker] DEBUG org.apache.http.wire - http-outgoing-2 >> "Connection: Keep-Alive[\r][\n]"
12:22:53.732 [Test worker] DEBUG org.apache.http.wire - http-outgoing-2 >> "User-Agent: Apache-HttpClient/4.5.5 (Java/11.0.1)[\r][\n]"
12:22:53.732 [Test worker] DEBUG org.apache.http.wire - http-outgoing-2 >> "Accept-Encoding: gzip,deflate[\r][\n]"
12:22:53.732 [Test worker] DEBUG org.apache.http.wire - http-outgoing-2 >> "[\r][\n]"
12:22:53.814 [Test worker] DEBUG org.apache.http.wire - http-outgoing-2 << "HTTP/1.1 200 [\r][\n]"
12:22:53.814 [Test worker] DEBUG org.apache.http.wire - http-outgoing-2 << "Date: Tue, 27 Aug 2019 16:22:54 GMT[\r][\n]"
12:22:53.814 [Test worker] DEBUG org.apache.http.wire - http-outgoing-2 << "Content-Type: application/json;charset=utf-8[\r][\n]"
12:22:53.814 [Test worker] DEBUG org.apache.http.wire - http-outgoing-2 << "Transfer-Encoding: chunked[\r][\n]"
12:22:53.814 [Test worker] DEBUG org.apache.http.wire - http-outgoing-2 << "Connection: keep-alive[\r][\n]"
12:22:53.814 [Test worker] DEBUG org.apache.http.wire - http-outgoing-2 << "Set-Cookie: __cfduid=d92a3fee10af9d313f498b500565d28a11566922974; expires=Wed, 26-Aug-20 16:22:54 GMT; path=/; domain=.restcountries.eu; HttpOnly[\r][\n]"
12:22:53.815 [Test worker] DEBUG org.apache.http.wire - http-outgoing-2 << "Access-Control-Allow-Origin: *[\r][\n]"
12:22:53.815 [Test worker] DEBUG org.apache.http.wire - http-outgoing-2 << "Access-Control-Allow-Methods: GET[\r][\n]"
12:22:53.815 [Test worker] DEBUG org.apache.http.wire - http-outgoing-2 << "Access-Control-Allow-Headers: Accept, X-Requested-With[\r][\n]"
12:22:53.815 [Test worker] DEBUG org.apache.http.wire - http-outgoing-2 << "Cache-Control: public, max-age=86400[\r][\n]"
12:22:53.815 [Test worker] DEBUG org.apache.http.wire - http-outgoing-2 << "Expect-CT: max-age=604800, report-uri="https://report-uri.cloudflare.com/cdn-cgi/beacon/expect-ct"[\r][\n]"
12:22:53.815 [Test worker] DEBUG org.apache.http.wire - http-outgoing-2 << "Server: cloudflare[\r][\n]"
12:22:53.815 [Test worker] DEBUG org.apache.http.wire - http-outgoing-2 << "CF-RAY: 50cf630d6f43c508-ORD[\r][\n]"
12:22:53.815 [Test worker] DEBUG org.apache.http.wire - http-outgoing-2 << "Content-Encoding: gzip[\r][\n]"
12:22:53.815 [Test worker] DEBUG org.apache.http.wire - http-outgoing-2 << "[\r][\n]"
12:22:53.815 [Test worker] DEBUG org.apache.http.wire - http-outgoing-2 << "481[\r][\n]"
12:22:53.815 [Test worker] DEBUG org.apache.http.wire - http-outgoing-2 << "[0x1f][0x8b][0x8][0x0][0x0][0x0][0x0][0x0][0x0][0x3][0xc4][0x95][o[0x1b]E[0x14][0xc7][0xbf][0xca]j[0x84][0x4][0x88][0x95][0xb3][0xeb][0xb5][0x9d]d[0xdf][0x9c][0xb])[0xa4]v,[0xc7]%[0xa2]Q[0x84][0xc6][0xeb][0xc9][0xee][0x84][0xf5][0xcc]j/[0xb1][0xd2](R[[0xd4]6U[0x13]*[0x10]*[0xf][0xad][0x90][0xa2][0xaa][0x84][0x4]E-[0xf4][0x85]Fm[0x91]X[0xf8][0xe]I[0xfb][0xd8]:[\r]O[0xfd][\n]"
12:22:53.815 [Test worker] DEBUG org.apache.http.wire - http-outgoing-2 << "[0xe8][0xcc]z[0xed][0xf5]%[0xa4][0x14][0x9][0xfc]`[0xcd][0x99]9sf[0xf6][0xcc][0xf9][0xfd][0xcf][0xfc]*b[0xb8]N[0x90][0x8e][0xc6]-[0xca]0[0x92][0x91][0xcf][0x9d][0xb3]d[0x99][0xd8][0x13][0xbc][0x8e])C[0xfa]<J[0x19][0xc]-[0xc8][0x8][0xdb][0x8e][0x85][0xd3][0xe3][0xbc]&[0xbc][0x8b][0xa8]5[0xa3][0xc5]3g`[0xca][0xc0][0xb6]M[0x99][0x9]s[0x1e][0xec][0x1d][0xc9][0xc1]V[0x3];[0xd4][0xc7]6[0xd2][0xd1][0x18][0xa1]K[0x94][0x99]b[0xb3]?[0xeb][0x10][0xe1]-<E[0xc4][0xf3][0xd6][0x1f][0x9b][0xcc]4[0x83][0xf0][0xa1]08[0x8c]y<[0xb4][0x2][0xb8]_[0x89]p[0xc7]&[0xef]zR[0x99]8A[0xd5][0xa6][0x86][0xc4][0x17][0xa5][0xf8][0xf2]/]]>&#x7f;<![CDATA[[0xd9]kn~[0xf9]r]]>&#x7f;<![CDATA[[0xff][0xe8][0xc1]W[0xcd]+?5[0xbf][0xde]h[0xde]~[0xd2][0x8e]k[0x5][0xe1][0x96]T[0xe]wX=[0xdc]c[0xd2]T[0xf8]33[0xad]pG[0x9c][0xb6] #[0x97][0x98][0x94]3[0xa4][0xa3][0xbc]G![0x96][0x17]T[0xdb]S[0x93][0xd8][0xf3][0x89][0xcb][0xa4][0xd6][0x92][0xc3][0x9d][0xc0][0xc6][0xbe]XS[0xb5][0xe1][0xe1]L:[0xad][0xe6]r2[0xb2][0xb1]o3[0x13][0xe9][0xf3]Z6[0xa5][0xc8][0xaa][0x92]M)[0xb]2[0xaa][0x91]:g+[0xf5]V[0x8e][0x89]G[0xe0][0xeb]][0x82][0x91]>[0x9a][0xcb]([0x8a][0xaa][0xa6][0x14][0x19][0x99][0x94]Q[0xa4]g[0x86]a[0xec][0xd3]:[0xb9][0xc0]Y[0x94][0xc1]s[0x95][0xf1][0xf][0x94][0x11]]Q[0xe0][0x8e]U[0xee][0xd6][0x88]+[0xe6][0xf3][0x1f]N![0x19][0x8d]U m[0x85]B[0x19][0xc9][0xe8][0xcc]4[0xcc]|T[0x9c]@2[0x9a][0xce][0x9f][0x87]\[0x95][0xa7]a<[0x5][0xe3][0xb3][0xf9][0x19][0xf0][0xcc][0x8f][0xc3]]]>&#x7f;<![CDATA[[0x11]<KyX-[0x9f][0x9b]E2[0xaa]|[0xc][0xe3]O[0x8a][0x5]8[0x85]a[0x9f].[0x93]bT[0x17][0x90]R[0x91]C[0x16][0xd4][0x89]K[0x8d][0xd6]s[0xab][0xd9][0x1c]<w[0xe0][0xba][0x84][0x19]T\u[0x15][0x19]qq|[\n]"
12:22:53.816 [Test worker] DEBUG org.apache.http.wire - http-outgoing-2 << "[0xfe][0x9d][0xba]"[0x1e][0x91]V[0x2][0xcc] [0xab]+[0xf5]*[0x87]J[0xf8][0xed][0x1e]Z[[0x80][0x94]13[0xc0]f+[0x0][0xf5]xN[0x1b][0xfd]LE:[0xba]`!9[0xb6][0xd3][0xc2][0xe6]}AQ[0xff]][0x8f]n][0x93][0xde][0x8b][0x9e][0xbb][0x11][0xee][0xb0][0xf7][0xc5]![0xbe][0x8b][0x99][0x17]=[0x98][0x87][0xf4]UTK[0x16]<[0x1c][0xdd]6[0x16][0xdd]8:[0x92][0xd1][0x12]N~?[0xf5]a)r[0xab][0xba][0x89]=[0x8e][0x9f]0[0x98][0x9d]0,p[0x9b]nE[0x86]`[0xcf][0xae]>[0xdf]8[0xbc][0x8a][0xd6]d[0xb4]hc[0x13][0xe9][0xc8][0xf2]}[0xc7][0xd3][0x87][0x86]\[0xe2][0xf9][0x6][0xf][0x98][0xef]R[0xe2][0xa5]H0T[0xc3]>[0x1e]2,[0x96][0xf2][0x96][0x81][0x96][0xa8][0x12][0xb1]=fs[0x3]R[0x5]PQn[0xb4][0xb8][[0x93][0xdb][0x18][0x17][0xb0][0x81][0xf9]`[0x8c][0xeb][0xbc][0xf][0xe3][0xc2]L/[0xc6]Q[0x81][0xf4]a[0x9c][0xd5][0xba]9[0x1e][0x0][0xb0][0x88]u[0xf4][0xf4][0xe1][0x9f][0xdf][0xfe][0x0]%[0x6][0xf7][0x90]f[0x1d]bPlK[0xf9]Z[0x9d]2[0xea][0xf9][0xae]x-[0xa9],[0xbe][0x6][0xc0][0xf5]-"[0x9d]F[0xf4][0xf1][0xcd][0xfb]]D[0xdf][0xb9][0x1][0xa7][0xdc][0xba][0xf8]"
12:22:53.816 [Test worker] DEBUG org.apache.http.headers - http-outgoing-2 << HTTP/1.1 200 
12:22:53.816 [Test worker] DEBUG org.apache.http.headers - http-outgoing-2 << Date: Tue, 27 Aug 2019 16:22:54 GMT
12:22:53.816 [Test worker] DEBUG org.apache.http.headers - http-outgoing-2 << Content-Type: application/json;charset=utf-8
12:22:53.816 [Test worker] DEBUG org.apache.http.headers - http-outgoing-2 << Transfer-Encoding: chunked
12:22:53.816 [Test worker] DEBUG org.apache.http.headers - http-outgoing-2 << Connection: keep-alive
12:22:53.816 [Test worker] DEBUG org.apache.http.headers - http-outgoing-2 << Set-Cookie: __cfduid=d92a3fee10af9d313f498b500565d28a11566922974; expires=Wed, 26-Aug-20 16:22:54 GMT; path=/; domain=.restcountries.eu; HttpOnly
12:22:53.816 [Test worker] DEBUG org.apache.http.headers - http-outgoing-2 << Access-Control-Allow-Origin: *
12:22:53.816 [Test worker] DEBUG org.apache.http.headers - http-outgoing-2 << Access-Control-Allow-Methods: GET
12:22:53.816 [Test worker] DEBUG org.apache.http.headers - http-outgoing-2 << Access-Control-Allow-Headers: Accept, X-Requested-With
12:22:53.816 [Test worker] DEBUG org.apache.http.headers - http-outgoing-2 << Cache-Control: public, max-age=86400
12:22:53.816 [Test worker] DEBUG org.apache.http.headers - http-outgoing-2 << Expect-CT: max-age=604800, report-uri="https://report-uri.cloudflare.com/cdn-cgi/beacon/expect-ct"
12:22:53.816 [Test worker] DEBUG org.apache.http.headers - http-outgoing-2 << Server: cloudflare
12:22:53.816 [Test worker] DEBUG org.apache.http.headers - http-outgoing-2 << CF-RAY: 50cf630d6f43c508-ORD
12:22:53.816 [Test worker] DEBUG org.apache.http.headers - http-outgoing-2 << Content-Encoding: gzip
12:22:53.817 [Test worker] DEBUG org.apache.http.impl.execchain.MainClientExec - Connection can be kept alive indefinitely
12:22:53.817 [Test worker] DEBUG org.apache.http.client.protocol.ResponseProcessCookies - Cookie accepted [__cfduid="d92a3fee10af9d313f498b500565d28a11566922974", version:0, domain:restcountries.eu, path:/, expiry:Wed Aug 26 12:22:54 EDT 2020]
12:22:53.818 [Test worker] DEBUG org.apache.http.wire - http-outgoing-2 << "[0xea][0xfa][0xa3][0xe6][0xfa][0xbd][0xe3][0xad][0x8d][0xa3]o~mn^[0x84]Z&&[\r][0xef][0xf2][0xee][0xe3][0xb0]4[0xe9][0xb5][0xae]Q#[0x12][0xdc]+[0x90]j[0x18][0xe][0xb][0xf7][0xe1]4,[0x95][0x4][0xce].[0xcc]F[0xc7][0xbe][0xbd][0x1a][0xe4]2[0xa3][0xaa][0xa2]$[0x94] [0x9d]N[0xa9][0xb9][0xe8]'[0xab][0xaa][0x96][0xca]f[0xff]V[0x11]4[0xa5]#[0x6],[0xb0][0xed]7[0x14][0x3]([0x82]^p[0xa3]$[0xf5][0x81][0x9b][0xc9][0x9c][0xc]na[0xa6][0xd4]a[0xc]2%[0xc8]u[0xb0][0x8f][\r][0x9c]d[0xb7][0xf4][0x1f][0xa1]+w[0x85]u[0xfc][0xee][0xb0][0xe]w;aK[0xdc][0xf5][0x3]3[0x18][0x10][0xb9][0xb5][0x12][0xee]z'kAL[0x8d][0xd0][0x82][0xd8][0x10]Z[0x10][0x1b]B[0xb]^|[0xf1][0xdd][0x8b][0xcb]?[0xbe][0xb8][0xbc][0x1b][0xcb]A[0xbc]Z[0x8d]][0x83]X[0xf]bC[0xe8]A[0xec]fEn[0x9f]G[0xe1]![0xe2][0xe1][0x95]g;[0x7][0xdb][0x7][0xdf][0x1f][0xae][0xbf][0xb1]([0xd4][0xb1]q[0xaa]($[0x15][0xa1][0x82]iCH[0xef][0x0]I[0xf0][0x1b]}[0x92]P[0x99][0xeb][0x95][0x84][0xca][0xdc][0xc0][0xce][0xde][0xdb][0xda]+[0x98]:[0x84][0xe][0x10][0x6][0x11][0xb1][0x12]n[0xd1][0xc6][0xef][0x97][0x98][0xa0][0xf4]$[0xcc][0x81][0xf1];7[0xba][0xfb]u![0xdc]c[0xff][0xb2]E[0xa7][0xb5][0xac][0xa2]i[0x99][0xd1]$[0x96]Z*+[0xab]i[0xb5][0xa7]AG[0xb9][0xea][0x2]2[0xa7][0x8e]jo[0xc3]d/[0x8e][0xc7][0xd7][0xf6]_][0xba];[0xa0][0x8f][0x8e][0x9c][0x88]cen[0xa2]S[0xe0]E[0xd2][0x90][0xa2][0xeb]I5n[0xdb][0xd8]M[0x2][0xf9][0xce][0xff][0xdc]K[0xdb]5&[0x0][0x2]+[0xdc]b1B[0x15][0x1c][0xde][0x8f]V[0x5]D[0xcd][0x9b][0xf][0x8e][0x1e]=}[0xfd]x[0xbd][0xf3][0xe6][0xb7][0x9f][0xbc]~|=f[0xaa][0x1d][0xab][0xea]&-[0xa7]k[0x8d][0xd9]I[0xcb][0x8a]<[0x97][0x96][0x85]%[0xc0]:[0xd8]=[0xd8]~[0xbe]q[0xb8]~[0xb0][0xfd][0xf][0xfa][0xad][0xdf]8[0xbd][0xdf]VJ[0x93]hm[0xe1]/[0x0][0x0][0x0][0xff][0xff][0x3][0x0]@&[0x1e]!8[0xb][0x0][0x0][\r][\n]"
12:22:53.818 [Test worker] DEBUG org.apache.http.wire - http-outgoing-2 << "0[\r][\n]"
12:22:53.818 [Test worker] DEBUG org.apache.http.wire - http-outgoing-2 << "[\r][\n]"
12:22:53.818 [Test worker] DEBUG org.apache.http.impl.conn.PoolingHttpClientConnectionManager - Connection [id: 2][route: {s}->https://restcountries.eu:443] can be kept alive indefinitely
12:22:53.818 [Test worker] DEBUG org.apache.http.impl.conn.DefaultManagedHttpClientConnection - http-outgoing-2: set socket timeout to 0
12:22:53.819 [Test worker] DEBUG org.apache.http.impl.conn.PoolingHttpClientConnectionManager - Connection released: [id: 2][route: {s}->https://restcountries.eu:443][total kept alive: 1; route allocated: 1 of 5; total allocated: 1 of 10]
12:22:53.819 [Test worker] DEBUG com.intuit.karate - response time in milliseconds: 161.65
1 < 200
1 < Access-Control-Allow-Headers: Accept, X-Requested-With
1 < Access-Control-Allow-Methods: GET
1 < Access-Control-Allow-Origin: *
1 < CF-RAY: 50cf630d6f43c508-ORD
1 < Cache-Control: public, max-age=86400
1 < Connection: keep-alive
1 < Content-Type: application/json;charset=utf-8
1 < Date: Tue, 27 Aug 2019 16:22:54 GMT
1 < Expect-CT: max-age=604800, report-uri="https://report-uri.cloudflare.com/cdn-cgi/beacon/expect-ct"
1 < Server: cloudflare
1 < Set-Cookie: __cfduid=d92a3fee10af9d313f498b500565d28a11566922974; expires=Wed, 26-Aug-20 16:22:54 GMT; path=/; domain=.restcountries.eu; HttpOnly
1 < Transfer-Encoding: chunked
[{"name":"China","topLevelDomain":[".cn"],"alpha2Code":"CN","alpha3Code":"CHN","callingCodes":["86"],"capital":"Beijing","altSpellings":["CN","Zh?ngguó","Zhongguo","Zhonghua","People's Republic of China","???????","Zh?nghuá Rénmín Gònghéguó"],"region":"Asia","subregion":"Eastern Asia","population":1377422166,"latlng":[35.0,105.0],"demonym":"Chinese","area":9640011.0,"gini":47.0,"timezones":["UTC+08:00"],"borders":["AFG","BTN","MMR","HKG","IND","KAZ","PRK","KGZ","LAO","MAC","MNG","PAK","RUS","TJK","VNM"],"nativeName":"??","numericCode":"156","currencies":[{"code":"CNY","name":"Chinese yuan","symbol":"¥"}],"languages":[{"iso639_1":"zh","iso639_2":"zho","name":"Chinese","nativeName":"?? (Zh?ngwén)"}],"translations":{"de":"China","es":"China","fr":"Chine","ja":"??","it":"Cina","br":"China","pt":"China","nl":"China","hr":"Kina","fa":"???"},"flag":"https://restcountries.eu/data/chn.svg","regionalBlocs":[],"cioc":"CHN"},{"name":"Macao","topLevelDomain":[".mo"],"alpha2Code":"MO","alpha3Code":"MAC","callingCodes":["853"],"capital":"","altSpellings":["MO","??","Macao Special Administrative Region of the People's Republic of China","??????????????","Região Administrativa Especial de Macau da República Popular da China"],"region":"Asia","subregion":"Eastern Asia","population":649100,"latlng":[22.16666666,113.55],"demonym":"Chinese","area":30.0,"gini":null,"timezones":["UTC+08:00"],"borders":["CHN"],"nativeName":"??","numericCode":"446","currencies":[{"code":"MOP","name":"Macanese pataca","symbol":"P"}],"languages":[{"iso639_1":"zh","iso639_2":"zho","name":"Chinese","nativeName":"?? (Zh?ngwén)"},{"iso639_1":"pt","iso639_2":"por","name":"Portuguese","nativeName":"Português"}],"translations":{"de":"Macao","es":"Macao","fr":"Macao","ja":"???","it":"Macao","br":"Macau","pt":"Macau","nl":"Macao","hr":"Makao","fa":"?????"},"flag":"https://restcountries.eu/data/mac.svg","regionalBlocs":[],"cioc":""},{"name":"Taiwan","topLevelDomain":[".tw"],"alpha2Code":"TW","alpha3Code":"TWN","callingCodes":["886"],"capital":"Taipei","altSpellings":["TW","Táiw?n","Republic of China","????","Zh?nghuá Mínguó"],"region":"Asia","subregion":"Eastern Asia","population":23503349,"latlng":[23.5,121.0],"demonym":"Taiwanese","area":36193.0,"gini":null,"timezones":["UTC+08:00"],"borders":[],"nativeName":"??","numericCode":"158","currencies":[{"code":"TWD","name":"New Taiwan dollar","symbol":"$"}],"languages":[{"iso639_1":"zh","iso639_2":"zho","name":"Chinese","nativeName":"?? (Zh?ngwén)"}],"translations":{"de":"Taiwan","es":"Taiwán","fr":"Taïwan","ja":"????????","it":"Taiwan","br":"Taiwan","pt":"Taiwan","nl":"Taiwan","hr":"Tajvan","fa":"??????"},"flag":"https://restcountries.eu/data/twn.svg","regionalBlocs":[],"cioc":"TPE"}]

12:22:53.824 [Test worker] DEBUG com.jayway.jsonpath.internal.path.CompiledPath - Evaluating path: $
12:22:53.832 [Test worker] DEBUG com.jayway.jsonpath.internal.path.CompiledPath - Evaluating path: $
12:22:53.847 [Test worker] INFO com.intuit.karate - [print] Beijing
12:22:53.863 [Test worker] DEBUG org.apache.http.client.protocol.RequestAddCookies - CookieSpec selected: karate
12:22:53.863 [Test worker] DEBUG org.apache.http.client.protocol.RequestAuthCache - Auth cache not set in the context
12:22:53.863 [Test worker] DEBUG com.intuit.karate - request:
1 > GET https://restcountries.eu/rest/v2/name/Canada
1 > Accept-Encoding: gzip,deflate
1 > Connection: Keep-Alive
1 > Host: restcountries.eu
1 > User-Agent: Apache-HttpClient/4.5.5 (Java/11.0.1)

12:22:53.864 [Test worker] DEBUG org.apache.http.impl.conn.PoolingHttpClientConnectionManager - Connection request: [route: {s}->https://restcountries.eu:443][total kept alive: 0; route allocated: 0 of 5; total allocated: 0 of 10]
12:22:53.864 [Test worker] DEBUG org.apache.http.impl.conn.PoolingHttpClientConnectionManager - Connection leased: [id: 3][route: {s}->https://restcountries.eu:443][total kept alive: 0; route allocated: 1 of 5; total allocated: 1 of 10]
12:22:53.864 [Test worker] DEBUG org.apache.http.impl.execchain.MainClientExec - Opening connection {s}->https://restcountries.eu:443
12:22:53.864 [Test worker] DEBUG org.apache.http.impl.conn.DefaultHttpClientConnectionOperator - Connecting to restcountries.eu/104.27.142.88:443
12:22:53.864 [Test worker] DEBUG org.apache.http.conn.ssl.LenientSslConnectionSocketFactory - Connecting socket to restcountries.eu/104.27.142.88:443 with timeout 30000
12:22:53.891 [Test worker] DEBUG org.apache.http.conn.ssl.LenientSslConnectionSocketFactory - Enabled protocols: [TLSv1.3, TLSv1.2, TLSv1.1, TLSv1]
12:22:53.891 [Test worker] DEBUG org.apache.http.conn.ssl.LenientSslConnectionSocketFactory - Enabled cipher suites:[TLS_AES_128_GCM_SHA256, TLS_AES_256_GCM_SHA384, TLS_ECDHE_ECDSA_WITH_AES_256_GCM_SHA384, TLS_ECDHE_ECDSA_WITH_AES_128_GCM_SHA256, TLS_ECDHE_RSA_WITH_AES_256_GCM_SHA384, TLS_RSA_WITH_AES_256_GCM_SHA384, TLS_ECDH_ECDSA_WITH_AES_256_GCM_SHA384, TLS_ECDH_RSA_WITH_AES_256_GCM_SHA384, TLS_DHE_RSA_WITH_AES_256_GCM_SHA384, TLS_DHE_DSS_WITH_AES_256_GCM_SHA384, TLS_ECDHE_RSA_WITH_AES_128_GCM_SHA256, TLS_RSA_WITH_AES_128_GCM_SHA256, TLS_ECDH_ECDSA_WITH_AES_128_GCM_SHA256, TLS_ECDH_RSA_WITH_AES_128_GCM_SHA256, TLS_DHE_RSA_WITH_AES_128_GCM_SHA256, TLS_DHE_DSS_WITH_AES_128_GCM_SHA256, TLS_ECDHE_ECDSA_WITH_AES_256_CBC_SHA384, TLS_ECDHE_RSA_WITH_AES_256_CBC_SHA384, TLS_RSA_WITH_AES_256_CBC_SHA256, TLS_ECDH_ECDSA_WITH_AES_256_CBC_SHA384, TLS_ECDH_RSA_WITH_AES_256_CBC_SHA384, TLS_DHE_RSA_WITH_AES_256_CBC_SHA256, TLS_DHE_DSS_WITH_AES_256_CBC_SHA256, TLS_ECDHE_ECDSA_WITH_AES_256_CBC_SHA, TLS_ECDHE_RSA_WITH_AES_256_CBC_SHA, TLS_RSA_WITH_AES_256_CBC_SHA, TLS_ECDH_ECDSA_WITH_AES_256_CBC_SHA, TLS_ECDH_RSA_WITH_AES_256_CBC_SHA, TLS_DHE_RSA_WITH_AES_256_CBC_SHA, TLS_DHE_DSS_WITH_AES_256_CBC_SHA, TLS_ECDHE_ECDSA_WITH_AES_128_CBC_SHA256, TLS_ECDHE_RSA_WITH_AES_128_CBC_SHA256, TLS_RSA_WITH_AES_128_CBC_SHA256, TLS_ECDH_ECDSA_WITH_AES_128_CBC_SHA256, TLS_ECDH_RSA_WITH_AES_128_CBC_SHA256, TLS_DHE_RSA_WITH_AES_128_CBC_SHA256, TLS_DHE_DSS_WITH_AES_128_CBC_SHA256, TLS_ECDHE_ECDSA_WITH_AES_128_CBC_SHA, TLS_ECDHE_RSA_WITH_AES_128_CBC_SHA, TLS_RSA_WITH_AES_128_CBC_SHA, TLS_ECDH_ECDSA_WITH_AES_128_CBC_SHA, TLS_ECDH_RSA_WITH_AES_128_CBC_SHA, TLS_DHE_RSA_WITH_AES_128_CBC_SHA, TLS_DHE_DSS_WITH_AES_128_CBC_SHA, TLS_EMPTY_RENEGOTIATION_INFO_SCSV]
12:22:53.891 [Test worker] DEBUG org.apache.http.conn.ssl.LenientSslConnectionSocketFactory - Starting handshake
12:22:53.940 [Test worker] DEBUG org.apache.http.conn.ssl.LenientSslConnectionSocketFactory - Secure session established
12:22:53.940 [Test worker] DEBUG org.apache.http.conn.ssl.LenientSslConnectionSocketFactory -  negotiated protocol: TLSv1.3
12:22:53.940 [Test worker] DEBUG org.apache.http.conn.ssl.LenientSslConnectionSocketFactory -  negotiated cipher suite: TLS_AES_128_GCM_SHA256
12:22:53.940 [Test worker] DEBUG org.apache.http.conn.ssl.LenientSslConnectionSocketFactory -  peer principal: CN=sni144227.cloudflaressl.com, OU=PositiveSSL Multi-Domain, OU=Domain Control Validated
12:22:53.940 [Test worker] DEBUG org.apache.http.conn.ssl.LenientSslConnectionSocketFactory -  peer alternative names: [sni144227.cloudflaressl.com, *.abcdent.pub, *.abcdent.support, *.arcticjob.com, *.bankofpartners.cn, *.bankofpartners.com, *.bestofpartners.cn, *.bestofpartners.com, *.bidraggronland.dk, *.cardscorekeeper.com, *.cio-agenda.com, *.cio-agenda.org, *.cio-index.org, *.cioindex.org, *.donategreenland.eu, *.eugenol.com, *.fh-naestved.dk, *.fh4700.dk, *.fhit.dk, *.fhkollegium.dk, *.fhnaestved.dk, *.flaxhouse.dk, *.inn.group, *.living-shiatsu.com, *.pakhuset.org, *.restcountries.eu, *.tradeforhope.dk, *.vgps.pl, *.whitestagweddings.com, *.xn--bidraggrnland-inb.dk, *.xn--chirurgieguide-nkb.fr, *.xn--hrhuset-q1a.dk, *.xn--lu-xia.dk, abcdent.pub, abcdent.support, arcticjob.com, bankofpartners.cn, bankofpartners.com, bestofpartners.cn, bestofpartners.com, bidraggronland.dk, cardscorekeeper.com, cio-agenda.com, cio-agenda.org, cio-index.org, cioindex.org, donategreenland.eu, eugenol.com, fh-naestved.dk, fh4700.dk, fhit.dk, fhkollegium.dk, fhnaestved.dk, flaxhouse.dk, inn.group, living-shiatsu.com, pakhuset.org, restcountries.eu, tradeforhope.dk, vgps.pl, whitestagweddings.com, xn--bidraggrnland-inb.dk, xn--chirurgieguide-nkb.fr, xn--hrhuset-q1a.dk, xn--lu-xia.dk]
12:22:53.940 [Test worker] DEBUG org.apache.http.conn.ssl.LenientSslConnectionSocketFactory -  issuer principal: CN=COMODO ECC Domain Validation Secure Server CA 2, O=COMODO CA Limited, L=Salford, ST=Greater Manchester, C=GB
12:22:53.940 [Test worker] DEBUG org.apache.http.impl.conn.DefaultHttpClientConnectionOperator - Connection established 192.168.86.21:62016<->104.27.142.88:443
12:22:53.941 [Test worker] DEBUG org.apache.http.impl.conn.DefaultManagedHttpClientConnection - http-outgoing-3: set socket timeout to 30000
12:22:53.941 [Test worker] DEBUG org.apache.http.impl.execchain.MainClientExec - Executing request GET /rest/v2/name/Canada HTTP/1.1
12:22:53.941 [Test worker] DEBUG org.apache.http.impl.execchain.MainClientExec - Target auth state: UNCHALLENGED
12:22:53.941 [Test worker] DEBUG org.apache.http.impl.execchain.MainClientExec - Proxy auth state: UNCHALLENGED
12:22:53.941 [Test worker] DEBUG org.apache.http.headers - http-outgoing-3 >> GET /rest/v2/name/Canada HTTP/1.1
12:22:53.941 [Test worker] DEBUG org.apache.http.headers - http-outgoing-3 >> Host: restcountries.eu
12:22:53.941 [Test worker] DEBUG org.apache.http.headers - http-outgoing-3 >> Connection: Keep-Alive
12:22:53.941 [Test worker] DEBUG org.apache.http.headers - http-outgoing-3 >> User-Agent: Apache-HttpClient/4.5.5 (Java/11.0.1)
12:22:53.941 [Test worker] DEBUG org.apache.http.headers - http-outgoing-3 >> Accept-Encoding: gzip,deflate
12:22:53.941 [Test worker] DEBUG org.apache.http.wire - http-outgoing-3 >> "GET /rest/v2/name/Canada HTTP/1.1[\r][\n]"
12:22:53.941 [Test worker] DEBUG org.apache.http.wire - http-outgoing-3 >> "Host: restcountries.eu[\r][\n]"
12:22:53.941 [Test worker] DEBUG org.apache.http.wire - http-outgoing-3 >> "Connection: Keep-Alive[\r][\n]"
12:22:53.942 [Test worker] DEBUG org.apache.http.wire - http-outgoing-3 >> "User-Agent: Apache-HttpClient/4.5.5 (Java/11.0.1)[\r][\n]"
12:22:53.942 [Test worker] DEBUG org.apache.http.wire - http-outgoing-3 >> "Accept-Encoding: gzip,deflate[\r][\n]"
12:22:53.942 [Test worker] DEBUG org.apache.http.wire - http-outgoing-3 >> "[\r][\n]"
12:22:54.030 [Test worker] DEBUG org.apache.http.wire - http-outgoing-3 << "HTTP/1.1 200 [\r][\n]"
12:22:54.030 [Test worker] DEBUG org.apache.http.wire - http-outgoing-3 << "Date: Tue, 27 Aug 2019 16:22:54 GMT[\r][\n]"
12:22:54.030 [Test worker] DEBUG org.apache.http.wire - http-outgoing-3 << "Content-Type: application/json;charset=utf-8[\r][\n]"
12:22:54.030 [Test worker] DEBUG org.apache.http.wire - http-outgoing-3 << "Transfer-Encoding: chunked[\r][\n]"
12:22:54.030 [Test worker] DEBUG org.apache.http.wire - http-outgoing-3 << "Connection: keep-alive[\r][\n]"
12:22:54.030 [Test worker] DEBUG org.apache.http.wire - http-outgoing-3 << "Set-Cookie: __cfduid=dd6fa302aa766f2ae6a7aa3d317f68b581566922974; expires=Wed, 26-Aug-20 16:22:54 GMT; path=/; domain=.restcountries.eu; HttpOnly[\r][\n]"
12:22:54.030 [Test worker] DEBUG org.apache.http.wire - http-outgoing-3 << "Access-Control-Allow-Origin: *[\r][\n]"
12:22:54.030 [Test worker] DEBUG org.apache.http.wire - http-outgoing-3 << "Access-Control-Allow-Methods: GET[\r][\n]"
12:22:54.030 [Test worker] DEBUG org.apache.http.wire - http-outgoing-3 << "Access-Control-Allow-Headers: Accept, X-Requested-With[\r][\n]"
12:22:54.030 [Test worker] DEBUG org.apache.http.wire - http-outgoing-3 << "Cache-Control: public, max-age=86400[\r][\n]"
12:22:54.031 [Test worker] DEBUG org.apache.http.wire - http-outgoing-3 << "Expect-CT: max-age=604800, report-uri="https://report-uri.cloudflare.com/cdn-cgi/beacon/expect-ct"[\r][\n]"
12:22:54.031 [Test worker] DEBUG org.apache.http.wire - http-outgoing-3 << "Server: cloudflare[\r][\n]"
12:22:54.031 [Test worker] DEBUG org.apache.http.wire - http-outgoing-3 << "CF-RAY: 50cf630ebb7e556e-ORD[\r][\n]"
12:22:54.031 [Test worker] DEBUG org.apache.http.wire - http-outgoing-3 << "Content-Encoding: gzip[\r][\n]"
12:22:54.031 [Test worker] DEBUG org.apache.http.wire - http-outgoing-3 << "[\r][\n]"
12:22:54.031 [Test worker] DEBUG org.apache.http.wire - http-outgoing-3 << "26c[\r][\n]"
12:22:54.031 [Test worker] DEBUG org.apache.http.wire - http-outgoing-3 << "[0x1f][0x8b][0x8][0x0][0x0][0x0][0x0][0x0][0x0][0x3]dTKn[0xdb]0[0x10][0xbd][0x8a]0[0xe8][0x92][0xb6][0xe5]ob[0xee]T[0xa7][0xd9]4p[0x17]qW[0x81]Q[0x8c][0xa9][0xb1][0xcc][0x82]"[0x5][0x8a]J[0x91][0x6][0x6][0x8a][0x16][0xe8][0xa2][0xb7][0xe8][0xca][0x8][0xba][0xe8]!|[0x9][0xb7][0xdb]\[0xa4] %'r[0xba][0x1b][0xe][0xdf]<[0xce]{3[0xd2][0xcd]=h[0xcc][0x9]8[0xcc]Pc[0x8a][0xc0][0xc0][0x99][0xe2][0x8a]nI][0x98][0x1c][0xa5][0x6]~[0x3]][0x81][0xb0]d[0x80][0xaa][0xd8][0xe0]`f[0xd2][0x0]O[0xa0][0xc9][0xc][0x9f]2s` P)[0xa9]3[0x9f]+}m[0xdf]W[\n]"
12:22:54.031 [Test worker] DEBUG org.apache.http.wire - http-outgoing-3 << ",[0xa4]C[0x5][0x1c][0xde]9[0x87][0x9f]0[0x94][0xba][0xeb][0x82][0x2]6[0xe0]f[0x89][0x7]Z[0xca][0xa4][0xd1][0xc0]![0xc9][0xc9]J[0x81]%0([0xab][0xd5]Szn[0xac][0xdb][0x90][0xd5]Qs[0xf][0xc][\n]"
12:22:54.031 [Test worker] DEBUG org.apache.http.wire - http-outgoing-3 << "ST[\n]"
12:22:54.031 [Test worker] DEBUG org.apache.http.wire - http-outgoing-3 << "][0xb8][0x1f]N[0xfa][0xe3][0xf1][0xe8][0xfc][0x8c][0x81]B[0xa7]t[0x6][0xfc]f[0x12]wc[0xd6][0x99][0x8e][0xbb][0xf1][0x92]AJ[0xb9][0xd1]w[0xf9]Q[0xad]D[0xed];[0xb1][0x84][0xc0][0xa7][0xd3][0xf3][0xd1][0xe4][0xcc][0x83]![0x93]Z[0x2][0x1f][0xe][0xba][0x13][0x6]N[0xe6][0xf4][0xd9][0xe8]Z[0xcb][0xfb][0xc5][0xac][0x13][0x9f][0xf3]8[0x6]V[0xc7]g[0xad]x[0xd2][0x8a][0xc7][0xad]x[0xd4][0x8a][0x87]|[0x18]{[0x99]+cS[0xb2]5[0xe7]u[0x10][0xae][0xd1][0xc9][[0x9a][0xbf][0x18][0x85][0xae][0x82][0xcc][0xc6][0xe0][0xfe]`[0xe4][\r][0xae][0xac]%-dh[0xe9][0x1e][0xc4][0xd1][0xfc][0xb][0x8f]o[0xd5]K[0xd4]Qj[0x94]B[0xeb]=[0xbc][0xcb]W[0xc6][0xfb][0xff][\n]"
12:22:54.031 [Test worker] DEBUG org.apache.http.wire - http-outgoing-3 << "[0xb6]K[0xef][0x8e][0xce]*[0xcc][0x1a][\n]"
12:22:54.031 [Test worker] DEBUG org.apache.http.wire - http-outgoing-3 << "Y[0x9a][0xc9]p[0xfa][0xa1][0xf][0x1c][0xc8][0x1b][0xd2][0x9c][0x7][0xe1][0x9c]=[0xd3][0xbe][0xd1][0x99][0x92][0xe5][0x6]^t{Lo[0xd9][0x9][0xd5][0xda][0x9e]R[0xad]->S]z[0x9][0xff]1[0xad]-[0xea][0xfd][0xe]e[0x19][0x9a]t[0x16]uYO[0xb6][0x4]~[0xf]A[0xe7][0xdb][0xa3]5[0xbe][0xf7]Z[0xe8][0xfe]'0[0xff]Z[0xcb][0xb7][0x8f][0x8][0x1c][0x1e][0xbf][0xfe]z[0xfc][0xf6][0xe3][0xf1][0xdb][0x17][0xdf][0x87]k_[0xaf][0xec]Im[0xe1]N[0x8e]Z[0xb5][0xb1][0x1b][0xdb]~u[0xed][0x89][0xff]>[0x1c]v]]>&#x7f;<![CDATA[[0xbe][0x1f]v[0x87][0xdf][0x87][0x1d]l[0x19][0xac][0x15]f[0xc0]a[0xe3]\Q[0xf2]^[0xcf]R[0xe9][0x84][0xa9][0xb4][0xb3][0x92][0xca].U[0xbd][0x14][0x1d][0xf6][0x4][0xea]ny[0xeb][0xdd][0xac][0x97][0x19][0xd5]keD=[0x0][0x14][0xb6]Y[0xcb]yr[0xb9]H[0x9e]m[\n]"
12:22:54.031 [Test worker] DEBUG org.apache.http.wire - http-outgoing-3 << "[0xeb]~[0xdc]u[0x1d]]Z[0xa2]ha1[0xa5]([0xc9],QN[0xda][0x1][0x3][0xe3]?[0x89][0xa4][0xe6][0xf0][0x84][0xcb]&[0xe5]][\r];[0xb6][0xb0][0xe8]05QJ[0xd1][0x95]\Y[0x8a]f&'+d[0xc8]$[0xf9][0xfe][0xc1][0xd3]G)[0xa9][0xc8]?H[0xc0] [0x11][0xc2][0xd8][0xf4][0xa9][0xa0][0xb3]]]>&#x7f;<![CDATA[[0x10][0x1b][0xd4][0x19]y@[0xda]9[0x96]H[\r]K?)![0x8d]h~[0x0][0xdb][0xe5]?[0x0][0x0][0x0][0xff][0xff][0x3][0x0][\n]"
12:22:54.032 [Test worker] DEBUG org.apache.http.wire - http-outgoing-3 << "o[0x9f]\R[0x4][0x0][0x0][\r][\n]"
12:22:54.032 [Test worker] DEBUG org.apache.http.headers - http-outgoing-3 << HTTP/1.1 200 
12:22:54.032 [Test worker] DEBUG org.apache.http.headers - http-outgoing-3 << Date: Tue, 27 Aug 2019 16:22:54 GMT
12:22:54.032 [Test worker] DEBUG org.apache.http.headers - http-outgoing-3 << Content-Type: application/json;charset=utf-8
12:22:54.032 [Test worker] DEBUG org.apache.http.headers - http-outgoing-3 << Transfer-Encoding: chunked
12:22:54.032 [Test worker] DEBUG org.apache.http.headers - http-outgoing-3 << Connection: keep-alive
12:22:54.032 [Test worker] DEBUG org.apache.http.headers - http-outgoing-3 << Set-Cookie: __cfduid=dd6fa302aa766f2ae6a7aa3d317f68b581566922974; expires=Wed, 26-Aug-20 16:22:54 GMT; path=/; domain=.restcountries.eu; HttpOnly
12:22:54.032 [Test worker] DEBUG org.apache.http.headers - http-outgoing-3 << Access-Control-Allow-Origin: *
12:22:54.032 [Test worker] DEBUG org.apache.http.headers - http-outgoing-3 << Access-Control-Allow-Methods: GET
12:22:54.032 [Test worker] DEBUG org.apache.http.headers - http-outgoing-3 << Access-Control-Allow-Headers: Accept, X-Requested-With
12:22:54.032 [Test worker] DEBUG org.apache.http.headers - http-outgoing-3 << Cache-Control: public, max-age=86400
12:22:54.032 [Test worker] DEBUG org.apache.http.headers - http-outgoing-3 << Expect-CT: max-age=604800, report-uri="https://report-uri.cloudflare.com/cdn-cgi/beacon/expect-ct"
12:22:54.032 [Test worker] DEBUG org.apache.http.headers - http-outgoing-3 << Server: cloudflare
12:22:54.032 [Test worker] DEBUG org.apache.http.headers - http-outgoing-3 << CF-RAY: 50cf630ebb7e556e-ORD
12:22:54.032 [Test worker] DEBUG org.apache.http.headers - http-outgoing-3 << Content-Encoding: gzip
12:22:54.032 [Test worker] DEBUG org.apache.http.impl.execchain.MainClientExec - Connection can be kept alive indefinitely
12:22:54.033 [Test worker] DEBUG org.apache.http.client.protocol.ResponseProcessCookies - Cookie accepted [__cfduid="dd6fa302aa766f2ae6a7aa3d317f68b581566922974", version:0, domain:restcountries.eu, path:/, expiry:Wed Aug 26 12:22:54 EDT 2020]
12:22:54.034 [Test worker] DEBUG org.apache.http.wire - http-outgoing-3 << "0[\r][\n]"
12:22:54.034 [Test worker] DEBUG org.apache.http.wire - http-outgoing-3 << "[\r][\n]"
12:22:54.034 [Test worker] DEBUG org.apache.http.impl.conn.PoolingHttpClientConnectionManager - Connection [id: 3][route: {s}->https://restcountries.eu:443] can be kept alive indefinitely
12:22:54.034 [Test worker] DEBUG org.apache.http.impl.conn.DefaultManagedHttpClientConnection - http-outgoing-3: set socket timeout to 0
12:22:54.035 [Test worker] DEBUG org.apache.http.impl.conn.PoolingHttpClientConnectionManager - Connection released: [id: 3][route: {s}->https://restcountries.eu:443][total kept alive: 1; route allocated: 1 of 5; total allocated: 1 of 10]
12:22:54.035 [Test worker] DEBUG com.intuit.karate - response time in milliseconds: 169.82
1 < 200
1 < Access-Control-Allow-Headers: Accept, X-Requested-With
1 < Access-Control-Allow-Methods: GET
1 < Access-Control-Allow-Origin: *
1 < CF-RAY: 50cf630ebb7e556e-ORD
1 < Cache-Control: public, max-age=86400
1 < Connection: keep-alive
1 < Content-Type: application/json;charset=utf-8
1 < Date: Tue, 27 Aug 2019 16:22:54 GMT
1 < Expect-CT: max-age=604800, report-uri="https://report-uri.cloudflare.com/cdn-cgi/beacon/expect-ct"
1 < Server: cloudflare
1 < Set-Cookie: __cfduid=dd6fa302aa766f2ae6a7aa3d317f68b581566922974; expires=Wed, 26-Aug-20 16:22:54 GMT; path=/; domain=.restcountries.eu; HttpOnly
1 < Transfer-Encoding: chunked
[{"name":"Canada","topLevelDomain":[".ca"],"alpha2Code":"CA","alpha3Code":"CAN","callingCodes":["1"],"capital":"Ottawa","altSpellings":["CA"],"region":"Americas","subregion":"Northern America","population":36155487,"latlng":[60.0,-95.0],"demonym":"Canadian","area":9984670.0,"gini":32.6,"timezones":["UTC-08:00","UTC-07:00","UTC-06:00","UTC-05:00","UTC-04:00","UTC-03:30"],"borders":["USA"],"nativeName":"Canada","numericCode":"124","currencies":[{"code":"CAD","name":"Canadian dollar","symbol":"$"}],"languages":[{"iso639_1":"en","iso639_2":"eng","name":"English","nativeName":"English"},{"iso639_1":"fr","iso639_2":"fra","name":"French","nativeName":"français"}],"translations":{"de":"Kanada","es":"Canadá","fr":"Canada","ja":"???","it":"Canada","br":"Canadá","pt":"Canadá","nl":"Canada","hr":"Kanada","fa":"??????"},"flag":"https://restcountries.eu/data/can.svg","regionalBlocs":[{"acronym":"NAFTA","name":"North American Free Trade Agreement","otherAcronyms":[],"otherNames":["Tratado de Libre Comercio de América del Norte","Accord de Libre-échange Nord-Américain"]}],"cioc":"CAN"}]

12:22:54.039 [Test worker] DEBUG com.jayway.jsonpath.internal.path.CompiledPath - Evaluating path: $
12:22:54.046 [Test worker] DEBUG com.jayway.jsonpath.internal.path.CompiledPath - Evaluating path: $
12:22:54.054 [Test worker] INFO com.intuit.karate - [print] Ottawa
12:22:54.081 [Test worker] DEBUG org.apache.http.client.protocol.RequestAddCookies - CookieSpec selected: karate
12:22:54.082 [Test worker] DEBUG org.apache.http.client.protocol.RequestAuthCache - Auth cache not set in the context
12:22:54.082 [Test worker] DEBUG com.intuit.karate - request:
1 > GET https://restcountries.eu/rest/v2/name/UAE
1 > Accept-Encoding: gzip,deflate
1 > Connection: Keep-Alive
1 > Host: restcountries.eu
1 > User-Agent: Apache-HttpClient/4.5.5 (Java/11.0.1)

12:22:54.082 [Test worker] DEBUG org.apache.http.impl.conn.PoolingHttpClientConnectionManager - Connection request: [route: {s}->https://restcountries.eu:443][total kept alive: 0; route allocated: 0 of 5; total allocated: 0 of 10]
12:22:54.082 [Test worker] DEBUG org.apache.http.impl.conn.PoolingHttpClientConnectionManager - Connection leased: [id: 4][route: {s}->https://restcountries.eu:443][total kept alive: 0; route allocated: 1 of 5; total allocated: 1 of 10]
12:22:54.082 [Test worker] DEBUG org.apache.http.impl.execchain.MainClientExec - Opening connection {s}->https://restcountries.eu:443
[...]
est worker] DEBUG org.apache.http.wire - http-outgoing-10 << "[0x14]EpAe[0xc1][0x1f][0xe8]1Q[0x9a]H[0xee][0x94][0xa1]T[0xa4][0x19]Cmc[0xb3]3S[0xd3][0x9e][0xe7][0xb9][0xc0]P3[0x1e][0x83][0xbf]4[0xd1][0xa8]y[0xee]T[0xa3][0xe6]u][0x88]H"[0xf8]j[0x2]>[0x14][0xb][[0x12][0x92] [0xf8]3[0x93][0xd3][0x9e]W[0xf3]\[0x88])[0xa7][0xe0][0xf3][0x8c]1[0x17]4M[0xc8]s[0xc1][0x8b]M:[0xf][0xe7]ny[\r]C-[0x10]2"[0xd2][0x82][0xf7][0xef]-[0x80][0xb][0x8b][0xcd][0x8e][0xc1]9j[0xba]B[0x16][0x8a][0xeb][0xe6][0xc7][0x83]W[0x83][0xed][0xfc][0xd0][0xc9][0xf][0x6][0xdb][0xf9][0xde]`'?[0xc8]O[0xf2][0x83][0xfc][0xa8][0x0]N[0xf3][0x93][0xfc][0xf3][0xe0]M[0x19][0x1f][0xec][0xe4]G[0xf9][0xb7][0xfc]8?[0x4][0x17]x[0x96][0x10]I[0xc3][0xf2][0xac][0xb7]g[0x1a][0xe6][0xac][0x99][0x94][0x84][0x87][0xd4]RY[0x83][0xb0][0x12][0xa1]e[0xf2][0xff]-[0xa7][0x13]Q[0xd9][0xc7][0xc4][0x9c]o5[0x9][0x4][0xb3][0xbc]j[0xf9][0x1e][0xac]w[0xcd][0x85]x[0x9c]a\[0xb6][0xa4]JLO[0xce]>[0x19][0x7][0x1f]P[0x82][}O[0xd8]o[0x1c][0x8d]1[0xfd]i[0x8]7[0xb7][0xbd][0xb6][0x93]m[0xaf]%rU[0xc8][0xa2][0xc0]_[0x3][0xcb][0xf8][0x11][0x91][0x84]r[0x1a]kb[0x89]R[0x15][0xf6]I[0xc5][0x16]\0\Ji[0x84]r[0xce]7$[0x6]D9[0x1d]N#a[0xac][0xd9][0x93][0xe0][0xc3][0xf9]k[0x1b]W[0xe][0x16][0xd1][0x8c]S[0x13][F[0xf0][0xe1]j[0xf3][0xe3][0xd5][0xd6][0xe1][0xd5][0xd6][0xee]p]]>&#x7f;<![CDATA[w[0xf8][0xee][0xfb][0xaf][0xf7]?[0x86]/>[\r]7[0xf7][0xcd]>z[0xa4]z1[0xdb][0xf4][0xb5][0xe][0x8]d[0x15][0x8a][0xcc][0xd4][0xf]7[0xa6][0xa6][0xfa][0xbf]a[0xce][0xca][0xbd]8[0x8d][0xa3][0xbf][0xac][0xc5][0xc1][0x85][0xbe][0x99][0xd0]Y&[0x11][0xe5][0xcb][0x84][0xdb][0xf9][0xa9]zJ[0x9d][0x91][0xb]{X\qd[0x93][0xca][0x13][0x83][0x97]Nq[0xd9][0x9f]oa[0xdd][0x85][0x1e][0xc3][0x18]|[0xe8]k[0x9d]*[0xbf]^[0x97]D[0xe9]Pd\KJT[0x8d]d[0xf5][0x8]5[0xd6]Q[0x92][0x9a]Z[0x89][0xa1]zF[0xc8][0xee]0[0x11][0x16]Bc([0xcb]7[0xd0][0x9c][0xbf].[0xab]3O0[0xce][0x8c][0xe]B[0xf7][0x89]l[0x16][0x89][0xa6][0xaa][BFm[0xeb][0xfb][0xfc][0xab][0xe5]zZ[0xf9][0xdb][0x9a][0xfd][0x86][0xb3][0xc1][0x85][0xbb][0x17][0x1b][0x9][0xbd]<C[0xed]`4[0xd6][0xca][0x9e]!s[0x90][0x8d]][0x9e][0x99]i[0x17]_V[0xb1][0xf].[0x14]C[0x1d][0xd1]+[0xac][0xbb][0xa8][0xed]]]>&#x7f;<![CDATA[[0xa8]k,[0x14]R[0x11][0x9a][0xc3]5[0xdb][0xb0][0xfe][0x1b][0x0][0x0][0xff][0xff][0x3][0x0]k[0xa9][0x1e]5[0xb7][0x4][0x0][0x0][\r][\n]"
12:22:55.268 [Test worker] DEBUG org.apache.http.headers - http-outgoing-10 << HTTP/1.1 200 
12:22:55.268 [Test worker] DEBUG org.apache.http.headers - http-outgoing-10 << Date: Tue, 27 Aug 2019 16:22:55 GMT
12:22:55.268 [Test worker] DEBUG org.apache.http.headers - http-outgoing-10 << Content-Type: application/json;charset=utf-8
12:22:55.268 [Test worker] DEBUG org.apache.http.headers - http-outgoing-10 << Transfer-Encoding: chunked
12:22:55.268 [Test worker] DEBUG org.apache.http.headers - http-outgoing-10 << Connection: keep-alive
12:22:55.268 [Test worker] DEBUG org.apache.http.headers - http-outgoing-10 << Set-Cookie: __cfduid=d9efe245950c920d9f9cfa574178718a11566922975; expires=Wed, 26-Aug-20 16:22:55 GMT; path=/; domain=.restcountries.eu; HttpOnly
12:22:55.268 [Test worker] DEBUG org.apache.http.headers - http-outgoing-10 << Access-Control-Allow-Origin: *
12:22:55.268 [Test worker] DEBUG org.apache.http.headers - http-outgoing-10 << Access-Control-Allow-Methods: GET
12:22:55.268 [Test worker] DEBUG org.apache.http.headers - http-outgoing-10 << Access-Control-Allow-Headers: Accept, X-Requested-With
12:22:55.268 [Test worker] DEBUG org.apache.http.headers - http-outgoing-10 << Cache-Control: public, max-age=86400
12:22:55.268 [Test worker] DEBUG org.apache.http.headers - http-outgoing-10 << Expect-CT: max-age=604800, report-uri="https://report-uri.cloudflare.com/cdn-cgi/beacon/expect-ct"
12:22:55.268 [Test worker] DEBUG org.apache.http.headers - http-outgoing-10 << Server: cloudflare
12:22:55.268 [Test worker] DEBUG org.apache.http.headers - http-outgoing-10 << CF-RAY: 50cf63169d4ac518-ORD
12:22:55.268 [Test worker] DEBUG org.apache.http.headers - http-outgoing-10 << Content-Encoding: gzip
12:22:55.268 [Test worker] DEBUG org.apache.http.impl.execchain.MainClientExec - Connection can be kept alive indefinitely
12:22:55.269 [Test worker] DEBUG org.apache.http.client.protocol.ResponseProcessCookies - Cookie accepted [__cfduid="d9efe245950c920d9f9cfa574178718a11566922975", version:0, domain:restcountries.eu, path:/, expiry:Wed Aug 26 12:22:55 EDT 2020]
12:22:55.269 [Test worker] DEBUG org.apache.http.wire - http-outgoing-10 << "0[\r][\n]"
12:22:55.269 [Test worker] DEBUG org.apache.http.wire - http-outgoing-10 << "[\r][\n]"
12:22:55.269 [Test worker] DEBUG org.apache.http.impl.conn.PoolingHttpClientConnectionManager - Connection [id: 10][route: {s}->https://restcountries.eu:443] can be kept alive indefinitely
12:22:55.269 [Test worker] DEBUG org.apache.http.impl.conn.DefaultManagedHttpClientConnection - http-outgoing-10: set socket timeout to 0
12:22:55.269 [Test worker] DEBUG org.apache.http.impl.conn.PoolingHttpClientConnectionManager - Connection released: [id: 10][route: {s}->https://restcountries.eu:443][total kept alive: 1; route allocated: 1 of 5; total allocated: 1 of 10]
12:22:55.269 [Test worker] DEBUG com.intuit.karate - response time in milliseconds: 133.43
1 < 200
1 < Access-Control-Allow-Headers: Accept, X-Requested-With
1 < Access-Control-Allow-Methods: GET
1 < Access-Control-Allow-Origin: *
1 < CF-RAY: 50cf63169d4ac518-ORD
1 < Cache-Control: public, max-age=86400
1 < Connection: keep-alive
1 < Content-Type: application/json;charset=utf-8
1 < Date: Tue, 27 Aug 2019 16:22:55 GMT
1 < Expect-CT: max-age=604800, report-uri="https://report-uri.cloudflare.com/cdn-cgi/beacon/expect-ct"
1 < Server: cloudflare
1 < Set-Cookie: __cfduid=d9efe245950c920d9f9cfa574178718a11566922975; expires=Wed, 26-Aug-20 16:22:55 GMT; path=/; domain=.restcountries.eu; HttpOnly
1 < Transfer-Encoding: chunked
{"name":"United Arab Emirates","topLevelDomain":[".ae"],"alpha2Code":"AE","alpha3Code":"ARE","callingCodes":["971"],"capital":"Abu Dhabi","altSpellings":["AE","UAE"],"region":"Asia","subregion":"Western Asia","population":9856000,"latlng":[24.0,54.0],"demonym":"Emirati","area":83600.0,"gini":null,"timezones":["UTC+04"],"borders":["OMN","SAU"],"nativeName":"???? ???????? ??????? ???????","numericCode":"784","currencies":[{"code":"AED","name":"United Arab Emirates dirham","symbol":"?.?"}],"languages":[{"iso639_1":"ar","iso639_2":"ara","name":"Arabic","nativeName":"???????"}],"translations":{"de":"Vereinigte Arabische Emirate","es":"Emiratos Árabes Unidos","fr":"Émirats arabes unis","ja":"????????","it":"Emirati Arabi Uniti","br":"Emirados árabes Unidos","pt":"Emirados árabes Unidos","nl":"Verenigde Arabische Emiraten","hr":"Ujedinjeni Arapski Emirati","fa":"?????? ????? ????"},"flag":"https://restcountries.eu/data/are.svg","regionalBlocs":[{"acronym":"AL","name":"Arab League","otherAcronyms":[],"otherNames":["????? ????? ???????","J?mi?at ad-Duwal al-?Arab?yah","League of Arab States"]}],"cioc":"UAE"}

12:22:55.272 [Test worker] DEBUG com.jayway.jsonpath.internal.path.CompiledPath - Evaluating path: $
12:22:55.272 [Test worker] INFO com.intuit.karate - [print] Abu Dhabi
12:22:55.286 [Test worker] DEBUG org.apache.http.client.protocol.RequestAddCookies - CookieSpec selected: karate
12:22:55.286 [Test worker] DEBUG org.apache.http.client.protocol.RequestAuthCache - Auth cache not set in the context
12:22:55.286 [Test worker] DEBUG com.intuit.karate - request:
1 > GET https://restcountries.eu/rest/v2/alpha/TST
1 > Accept-Encoding: gzip,deflate
1 > Connection: Keep-Alive
1 > Host: restcountries.eu
1 > User-Agent: Apache-HttpClient/4.5.5 (Java/11.0.1)

12:22:55.287 [Test worker] DEBUG org.apache.http.impl.conn.PoolingHttpClientConnectionManager - Connection request: [route: {s}->https://restcountries.eu:443][total kept alive: 0; route allocated: 0 of 5; total allocated: 0 of 10]
12:22:55.287 [Test worker] DEBUG org.apache.http.impl.conn.PoolingHttpClientConnectionManager - Connection leased: [id: 11][route: {s}->https://restcountries.eu:443][total kept alive: 0; route allocated: 1 of 5; total allocated: 1 of 10]
12:22:55.287 [Test worker] DEBUG org.apache.http.impl.execchain.MainClientExec - Opening connection {s}->https://restcountries.eu:443
12:22:55.287 [Test worker] DEBUG org.apache.http.impl.conn.DefaultHttpClientConnectionOperator - Connecting to restcountries.eu/104.27.142.88:443
12:22:55.287 [Test worker] DEBUG org.apache.http.conn.ssl.LenientSslConnectionSocketFactory - Connecting socket to restcountries.eu/104.27.142.88:443 with timeout 30000
12:22:55.315 [Test worker] DEBUG org.apache.http.conn.ssl.LenientSslConnectionSocketFactory - Enabled protocols: [TLSv1.3, TLSv1.2, TLSv1.1, TLSv1]
12:22:55.315 [Test worker] DEBUG org.apache.http.conn.ssl.LenientSslConnectionSocketFactory - Enabled cipher suites:[TLS_AES_128_GCM_SHA256, TLS_AES_256_GCM_SHA384, TLS_ECDHE_ECDSA_WITH_AES_256_GCM_SHA384, TLS_ECDHE_ECDSA_WITH_AES_128_GCM_SHA256, TLS_ECDHE_RSA_WITH_AES_256_GCM_SHA384, TLS_RSA_WITH_AES_256_GCM_SHA384, TLS_ECDH_ECDSA_WITH_AES_256_GCM_SHA384, TLS_ECDH_RSA_WITH_AES_256_GCM_SHA384, TLS_DHE_RSA_WITH_AES_256_GCM_SHA384, TLS_DHE_DSS_WITH_AES_256_GCM_SHA384, TLS_ECDHE_RSA_WITH_AES_128_GCM_SHA256, TLS_RSA_WITH_AES_128_GCM_SHA256, TLS_ECDH_ECDSA_WITH_AES_128_GCM_SHA256, TLS_ECDH_RSA_WITH_AES_128_GCM_SHA256, TLS_DHE_RSA_WITH_AES_128_GCM_SHA256, TLS_DHE_DSS_WITH_AES_128_GCM_SHA256, TLS_ECDHE_ECDSA_WITH_AES_256_CBC_SHA384, TLS_ECDHE_RSA_WITH_AES_256_CBC_SHA384, TLS_RSA_WITH_AES_256_CBC_SHA256, TLS_ECDH_ECDSA_WITH_AES_256_CBC_SHA384, TLS_ECDH_RSA_WITH_AES_256_CBC_SHA384, TLS_DHE_RSA_WITH_AES_256_CBC_SHA256, TLS_DHE_DSS_WITH_AES_256_CBC_SHA256, TLS_ECDHE_ECDSA_WITH_AES_256_CBC_SHA, TLS_ECDHE_RSA_WITH_AES_256_CBC_SHA, TLS_RSA_WITH_AES_256_CBC_SHA, TLS_ECDH_ECDSA_WITH_AES_256_CBC_SHA, TLS_ECDH_RSA_WITH_AES_256_CBC_SHA, TLS_DHE_RSA_WITH_AES_256_CBC_SHA, TLS_DHE_DSS_WITH_AES_256_CBC_SHA, TLS_ECDHE_ECDSA_WITH_AES_128_CBC_SHA256, TLS_ECDHE_RSA_WITH_AES_128_CBC_SHA256, TLS_RSA_WITH_AES_128_CBC_SHA256, TLS_ECDH_ECDSA_WITH_AES_128_CBC_SHA256, TLS_ECDH_RSA_WITH_AES_128_CBC_SHA256, TLS_DHE_RSA_WITH_AES_128_CBC_SHA256, TLS_DHE_DSS_WITH_AES_128_CBC_SHA256, TLS_ECDHE_ECDSA_WITH_AES_128_CBC_SHA, TLS_ECDHE_RSA_WITH_AES_128_CBC_SHA, TLS_RSA_WITH_AES_128_CBC_SHA, TLS_ECDH_ECDSA_WITH_AES_128_CBC_SHA, TLS_ECDH_RSA_WITH_AES_128_CBC_SHA, TLS_DHE_RSA_WITH_AES_128_CBC_SHA, TLS_DHE_DSS_WITH_AES_128_CBC_SHA, TLS_EMPTY_RENEGOTIATION_INFO_SCSV]
12:22:55.315 [Test worker] DEBUG org.apache.http.conn.ssl.LenientSslConnectionSocketFactory - Starting handshake
12:22:55.358 [Test worker] DEBUG org.apache.http.conn.ssl.LenientSslConnectionSocketFactory - Secure session established
12:22:55.358 [Test worker] DEBUG org.apache.http.conn.ssl.LenientSslConnectionSocketFactory -  negotiated protocol: TLSv1.3
12:22:55.358 [Test worker] DEBUG org.apache.http.conn.ssl.LenientSslConnectionSocketFactory -  negotiated cipher suite: TLS_AES_128_GCM_SHA256
12:22:55.358 [Test worker] DEBUG org.apache.http.conn.ssl.LenientSslConnectionSocketFactory -  peer principal: CN=sni144227.cloudflaressl.com, OU=PositiveSSL Multi-Domain, OU=Domain Control Validated
12:22:55.358 [Test worker] DEBUG org.apache.http.conn.ssl.LenientSslConnectionSocketFactory -  peer alternative names: [sni144227.cloudflaressl.com, *.abcdent.pub, *.abcdent.support, *.arcticjob.com, *.bankofpartners.cn, *.bankofpartners.com, *.bestofpartners.cn, *.bestofpartners.com, *.bidraggronland.dk, *.cardscorekeeper.com, *.cio-agenda.com, *.cio-agenda.org, *.cio-index.org, *.cioindex.org, *.donategreenland.eu, *.eugenol.com, *.fh-naestved.dk, *.fh4700.dk, *.fhit.dk, *.fhkollegium.dk, *.fhnaestved.dk, *.flaxhouse.dk, *.inn.group, *.living-shiatsu.com, *.pakhuset.org, *.restcountries.eu, *.tradeforhope.dk, *.vgps.pl, *.whitestagweddings.com, *.xn--bidraggrnland-inb.dk, *.xn--chirurgieguide-nkb.fr, *.xn--hrhuset-q1a.dk, *.xn--lu-xia.dk, abcdent.pub, abcdent.support, arcticjob.com, bankofpartners.cn, bankofpartners.com, bestofpartners.cn, bestofpartners.com, bidraggronland.dk, cardscorekeeper.com, cio-agenda.com, cio-agenda.org, cio-index.org, cioindex.org, donategreenland.eu, eugenol.com, fh-naestved.dk, fh4700.dk, fhit.dk, fhkollegium.dk, fhnaestved.dk, flaxhouse.dk, inn.group, living-shiatsu.com, pakhuset.org, restcountries.eu, tradeforhope.dk, vgps.pl, whitestagweddings.com, xn--bidraggrnland-inb.dk, xn--chirurgieguide-nkb.fr, xn--hrhuset-q1a.dk, xn--lu-xia.dk]
12:22:55.358 [Test worker] DEBUG org.apache.http.conn.ssl.LenientSslConnectionSocketFactory -  issuer principal: CN=COMODO ECC Domain Validation Secure Server CA 2, O=COMODO CA Limited, L=Salford, ST=Greater Manchester, C=GB
12:22:55.358 [Test worker] DEBUG org.apache.http.impl.conn.DefaultHttpClientConnectionOperator - Connection established 192.168.86.21:62024<->104.27.142.88:443
12:22:55.358 [Test worker] DEBUG org.apache.http.impl.conn.DefaultManagedHttpClientConnection - http-outgoing-11: set socket timeout to 30000
12:22:55.358 [Test worker] DEBUG org.apache.http.impl.execchain.MainClientExec - Executing request GET /rest/v2/alpha/TST HTTP/1.1
12:22:55.358 [Test worker] DEBUG org.apache.http.impl.execchain.MainClientExec - Target auth state: UNCHALLENGED
12:22:55.358 [Test worker] DEBUG org.apache.http.impl.execchain.MainClientExec - Proxy auth state: UNCHALLENGED
12:22:55.358 [Test worker] DEBUG org.apache.http.headers - http-outgoing-11 >> GET /rest/v2/alpha/TST HTTP/1.1
12:22:55.358 [Test worker] DEBUG org.apache.http.headers - http-outgoing-11 >> Host: restcountries.eu
12:22:55.358 [Test worker] DEBUG org.apache.http.headers - http-outgoing-11 >> Connection: Keep-Alive
12:22:55.358 [Test worker] DEBUG org.apache.http.headers - http-outgoing-11 >> User-Agent: Apache-HttpClient/4.5.5 (Java/11.0.1)
12:22:55.358 [Test worker] DEBUG org.apache.http.headers - http-outgoing-11 >> Accept-Encoding: gzip,deflate
12:22:55.359 [Test worker] DEBUG org.apache.http.wire - http-outgoing-11 >> "GET /rest/v2/alpha/TST HTTP/1.1[\r][\n]"
12:22:55.359 [Test worker] DEBUG org.apache.http.wire - http-outgoing-11 >> "Host: restcountries.eu[\r][\n]"
12:22:55.359 [Test worker] DEBUG org.apache.http.wire - http-outgoing-11 >> "Connection: Keep-Alive[\r][\n]"
12:22:55.359 [Test worker] DEBUG org.apache.http.wire - http-outgoing-11 >> "User-Agent: Apache-HttpClient/4.5.5 (Java/11.0.1)[\r][\n]"
12:22:55.359 [Test worker] DEBUG org.apache.http.wire - http-outgoing-11 >> "Accept-Encoding: gzip,deflate[\r][\n]"
12:22:55.359 [Test worker] DEBUG org.apache.http.wire - http-outgoing-11 >> "[\r][\n]"
12:22:55.423 [Test worker] DEBUG org.apache.http.wire - http-outgoing-11 << "HTTP/1.1 404 [\r][\n]"
12:22:55.424 [Test worker] DEBUG org.apache.http.wire - http-outgoing-11 << "Date: Tue, 27 Aug 2019 16:22:55 GMT[\r][\n]"
12:22:55.424 [Test worker] DEBUG org.apache.http.wire - http-outgoing-11 << "Content-Type: application/json;charset=utf-8[\r][\n]"
12:22:55.424 [Test worker] DEBUG org.apache.http.wire - http-outgoing-11 << "Content-Length: 36[\r][\n]"
12:22:55.424 [Test worker] DEBUG org.apache.http.wire - http-outgoing-11 << "Connection: keep-alive[\r][\n]"
12:22:55.424 [Test worker] DEBUG org.apache.http.wire - http-outgoing-11 << "Set-Cookie: __cfduid=d5c5b6ab0a0b061bc8644a7f63045d0ec1566922975; expires=Wed, 26-Aug-20 16:22:55 GMT; path=/; domain=.restcountries.eu; HttpOnly[\r][\n]"
12:22:55.424 [Test worker] DEBUG org.apache.http.wire - http-outgoing-11 << "Access-Control-Allow-Origin: *[\r][\n]"
12:22:55.424 [Test worker] DEBUG org.apache.http.wire - http-outgoing-11 << "Access-Control-Allow-Methods: GET[\r][\n]"
12:22:55.424 [Test worker] DEBUG org.apache.http.wire - http-outgoing-11 << "Access-Control-Allow-Headers: Accept, X-Requested-With[\r][\n]"
12:22:55.424 [Test worker] DEBUG org.apache.http.wire - http-outgoing-11 << "Cache-Control: public, max-age=86400[\r][\n]"
12:22:55.424 [Test worker] DEBUG org.apache.http.wire - http-outgoing-11 << "Expect-CT: max-age=604800, report-uri="https://report-uri.cloudflare.com/cdn-cgi/beacon/expect-ct"[\r][\n]"
12:22:55.424 [Test worker] DEBUG org.apache.http.wire - http-outgoing-11 << "Server: cloudflare[\r][\n]"
12:22:55.424 [Test worker] DEBUG org.apache.http.wire - http-outgoing-11 << "CF-RAY: 50cf63178c9bc504-ORD[\r][\n]"
12:22:55.424 [Test worker] DEBUG org.apache.http.wire - http-outgoing-11 << "[\r][\n]"
12:22:55.424 [Test worker] DEBUG org.apache.http.wire - http-outgoing-11 << "{"status":404,"message":"Not Found"}"
12:22:55.424 [Test worker] DEBUG org.apache.http.headers - http-outgoing-11 << HTTP/1.1 404 
12:22:55.424 [Test worker] DEBUG org.apache.http.headers - http-outgoing-11 << Date: Tue, 27 Aug 2019 16:22:55 GMT
12:22:55.424 [Test worker] DEBUG org.apache.http.headers - http-outgoing-11 << Content-Type: application/json;charset=utf-8
12:22:55.424 [Test worker] DEBUG org.apache.http.headers - http-outgoing-11 << Content-Length: 36
12:22:55.424 [Test worker] DEBUG org.apache.http.headers - http-outgoing-11 << Connection: keep-alive
12:22:55.424 [Test worker] DEBUG org.apache.http.headers - http-outgoing-11 << Set-Cookie: __cfduid=d5c5b6ab0a0b061bc8644a7f63045d0ec1566922975; expires=Wed, 26-Aug-20 16:22:55 GMT; path=/; domain=.restcountries.eu; HttpOnly
12:22:55.424 [Test worker] DEBUG org.apache.http.headers - http-outgoing-11 << Access-Control-Allow-Origin: *
12:22:55.424 [Test worker] DEBUG org.apache.http.headers - http-outgoing-11 << Access-Control-Allow-Methods: GET
12:22:55.424 [Test worker] DEBUG org.apache.http.headers - http-outgoing-11 << Access-Control-Allow-Headers: Accept, X-Requested-With
12:22:55.424 [Test worker] DEBUG org.apache.http.headers - http-outgoing-11 << Cache-Control: public, max-age=86400
12:22:55.424 [Test worker] DEBUG org.apache.http.headers - http-outgoing-11 << Expect-CT: max-age=604800, report-uri="https://report-uri.cloudflare.com/cdn-cgi/beacon/expect-ct"
12:22:55.424 [Test worker] DEBUG org.apache.http.headers - http-outgoing-11 << Server: cloudflare
12:22:55.424 [Test worker] DEBUG org.apache.http.headers - http-outgoing-11 << CF-RAY: 50cf63178c9bc504-ORD
12:22:55.424 [Test worker] DEBUG org.apache.http.impl.execchain.MainClientExec - Connection can be kept alive indefinitely
12:22:55.425 [Test worker] DEBUG org.apache.http.client.protocol.ResponseProcessCookies - Cookie accepted [__cfduid="d5c5b6ab0a0b061bc8644a7f63045d0ec1566922975", version:0, domain:restcountries.eu, path:/, expiry:Wed Aug 26 12:22:55 EDT 2020]
12:22:55.426 [Test worker] DEBUG org.apache.http.impl.conn.PoolingHttpClientConnectionManager - Connection [id: 11][route: {s}->https://restcountries.eu:443] can be kept alive indefinitely
12:22:55.427 [Test worker] DEBUG org.apache.http.impl.conn.DefaultManagedHttpClientConnection - http-outgoing-11: set socket timeout to 0
12:22:55.427 [Test worker] DEBUG org.apache.http.impl.conn.PoolingHttpClientConnectionManager - Connection released: [id: 11][route: {s}->https://restcountries.eu:443][total kept alive: 1; route allocated: 1 of 5; total allocated: 1 of 10]
12:22:55.427 [Test worker] DEBUG com.intuit.karate - response time in milliseconds: 137.94
1 < 404
1 < Access-Control-Allow-Headers: Accept, X-Requested-With
1 < Access-Control-Allow-Methods: GET
1 < Access-Control-Allow-Origin: *
1 < CF-RAY: 50cf63178c9bc504-ORD
1 < Cache-Control: public, max-age=86400
1 < Connection: keep-alive
1 < Content-Length: 36
1 < Content-Type: application/json;charset=utf-8
1 < Date: Tue, 27 Aug 2019 16:22:55 GMT
1 < Expect-CT: max-age=604800, report-uri="https://report-uri.cloudflare.com/cdn-cgi/beacon/expect-ct"
1 < Server: cloudflare
1 < Set-Cookie: __cfduid=d5c5b6ab0a0b061bc8644a7f63045d0ec1566922975; expires=Wed, 26-Aug-20 16:22:55 GMT; path=/; domain=.restcountries.eu; HttpOnly
{"status":404,"message":"Not Found"}

12:22:55.429 [Test worker] DEBUG com.intuit.karate - abort at feature: src/test/resources/Tests/Test_Countries_Services.feature, scenario: Test for Country Code 'TST', line: 23
]]></system-out>
  <system-err><![CDATA[]]></system-err>
</testsuite>
